TIME     : 2016-06-19 19:43:08
FILE     : WorkThread.cpp
FUNCTION : CWorkThread::start
LINENUM  : 68
DETAIL   : WorkThread ID : 8784


TIME     : 2016-06-19 19:43:08
FILE     : WorkThread.cpp
FUNCTION : CWorkThread::start
LINENUM  : 68
DETAIL   : WorkThread ID : 9044


TIME     : 2016-06-19 19:43:08
FILE     : WorkThread.cpp
FUNCTION : CWorkThread::start
LINENUM  : 68
DETAIL   : WorkThread ID : 8792


TIME     : 2016-06-19 19:43:08
FILE     : WorkThread.cpp
FUNCTION : CWorkThread::start
LINENUM  : 68
DETAIL   : WorkThread ID : 8768


TIME     : 2016-06-19 19:43:08
FILE     : VBoxApi.cpp
FUNCTION : VB_RemoveSharedFolder
LINENUM  : 1351
DETAIL   : ErrorCode is "108". Detail : VB_ERR_REMOVE_SHAREDFOLDER_FAIL

TIME     : 2016-06-19 19:43:08
FILE     : VBoxApi.cpp
FUNCTION : VB_RemoveSharedFolder
LINENUM  : 1351
DETAIL   : ErrorCode is "108". Detail : VB_ERR_REMOVE_SHAREDFOLDER_FAIL

TIME     : 2016-06-19 19:43:09
FILE     : VBoxApi.cpp
FUNCTION : VB_RemoveSharedFolder
LINENUM  : 1351
DETAIL   : ErrorCode is "108". Detail : VB_ERR_REMOVE_SHAREDFOLDER_FAIL

TIME     : 2016-06-19 19:50:02
FILE     : VBoxApi.cpp
FUNCTION : VB_StopMachine
LINENUM  : 369
DETAIL   : ErrorCode is "8". Detail : VB_ERR_MACHINE_STOP_FAIL

