[ 2017-03-14T00:06:38+08:00 ] ::1 /admin.php/Index/common/css/bootstrap.min.css
ERR: 非法操作:common

[ 2017-03-14T00:06:38+08:00 ] ::1 /admin.php/Index/common/css/font-awesome.min.css
ERR: 非法操作:common

[ 2017-03-14T00:06:38+08:00 ] ::1 /admin.php/Index/common/css/ace-skins.min.css
ERR: 非法操作:common

[ 2017-03-14T00:06:38+08:00 ] ::1 /admin.php/Index/common/css/ace.min.css
ERR: 非法操作:common

[ 2017-03-14T00:06:38+08:00 ] ::1 /admin.php/Index/common/css/ace-rtl.min.css
ERR: 非法操作:common

[ 2017-03-14T00:06:38+08:00 ] ::1 /admin.php/Index/common/js/ace-extra.min.js
ERR: 非法操作:common

[ 2017-03-14T00:06:38+08:00 ] ::1 /admin.php/Index/common/js/jquery-2.0.3.min.js
ERR: 非法操作:common

[ 2017-03-14T00:06:38+08:00 ] ::1 /admin.php/Index/common/js/jquery-ui-1.10.3.custom.min.js
ERR: 非法操作:common

[ 2017-03-14T00:06:38+08:00 ] ::1 /admin.php/Index/common/js/typeahead-bs2.min.js
ERR: 非法操作:common

[ 2017-03-14T00:06:38+08:00 ] ::1 /admin.php/Index/common/js/bootstrap.min.js
ERR: 非法操作:common

[ 2017-03-14T00:06:38+08:00 ] ::1 /admin.php/Index/common/js/jquery.ui.touch-punch.min.js
ERR: 非法操作:common

[ 2017-03-14T00:06:38+08:00 ] ::1 /admin.php/Index/common/js/jquery.slimscroll.min.js
ERR: 非法操作:common

[ 2017-03-14T00:06:39+08:00 ] ::1 /admin.php/Index/common/js/jquery-2.0.3.min.js
ERR: 非法操作:common

[ 2017-03-14T00:06:39+08:00 ] ::1 /admin.php/Index/common/js/jquery.easy-pie-chart.min.js
ERR: 非法操作:common

[ 2017-03-14T00:06:39+08:00 ] ::1 /admin.php/Index/common/js/jquery.sparkline.min.js
ERR: 非法操作:common

[ 2017-03-14T00:06:39+08:00 ] ::1 /admin.php/Index/common/js/flot/jquery.flot.min.js
ERR: 非法操作:common

[ 2017-03-14T00:06:39+08:00 ] ::1 /admin.php/Index/common/js/flot/jquery.flot.pie.min.js
ERR: 非法操作:common

[ 2017-03-14T00:06:39+08:00 ] ::1 /admin.php/Index/common/js/flot/jquery.flot.resize.min.js
ERR: 非法操作:common

[ 2017-03-14T00:06:39+08:00 ] ::1 /admin.php/Index/common/js/ace-elements.min.js
ERR: 非法操作:common

[ 2017-03-14T00:06:39+08:00 ] ::1 /admin.php/Index/common/js/bootstrap.min.js
ERR: 非法操作:common

[ 2017-03-14T00:06:39+08:00 ] ::1 /admin.php/Index/common/js/ace.min.js
ERR: 非法操作:common

[ 2017-03-14T00:06:39+08:00 ] ::1 /admin.php/Index/common/js/typeahead-bs2.min.js
ERR: 非法操作:common

[ 2017-03-14T00:06:39+08:00 ] ::1 /admin.php/Index/common/js/jquery-ui-1.10.3.custom.min.js
ERR: 非法操作:common

[ 2017-03-14T00:06:39+08:00 ] ::1 /admin.php/Index/common/js/jquery.ui.touch-punch.min.js
ERR: 非法操作:common

[ 2017-03-14T00:06:39+08:00 ] ::1 /admin.php/Index/common/js/jquery.slimscroll.min.js
ERR: 非法操作:common

[ 2017-03-14T00:06:39+08:00 ] ::1 /admin.php/Index/common/js/jquery.easy-pie-chart.min.js
ERR: 非法操作:common

[ 2017-03-14T00:06:39+08:00 ] ::1 /admin.php/Index/common/js/jquery.sparkline.min.js
ERR: 非法操作:common

[ 2017-03-14T00:06:39+08:00 ] ::1 /admin.php/Index/common/js/flot/jquery.flot.min.js
ERR: 非法操作:common

[ 2017-03-14T00:06:39+08:00 ] ::1 /admin.php/Index/common/js/flot/jquery.flot.pie.min.js
ERR: 非法操作:common

[ 2017-03-14T00:06:39+08:00 ] ::1 /admin.php/Index/common/js/flot/jquery.flot.resize.min.js
ERR: 非法操作:common

[ 2017-03-14T00:06:39+08:00 ] ::1 /admin.php/Index/common/js/ace-elements.min.js
ERR: 非法操作:common

[ 2017-03-14T00:06:40+08:00 ] ::1 /admin.php/Index/common/js/ace.min.js
ERR: 非法操作:common

[ 2017-03-14T00:15:08+08:00 ] ::1 /admin.php/__TMPL__/common/css/bootstrap.min.css
ERR: 无法加载控制器:__TMPL__

[ 2017-03-14T00:15:08+08:00 ] ::1 /admin.php/__TMPL__/common/css/font-awesome.min.css
ERR: 无法加载控制器:__TMPL__

[ 2017-03-14T00:15:08+08:00 ] ::1 /admin.php/__TMPL__/common/css/ace.min.css
ERR: 无法加载控制器:__TMPL__

[ 2017-03-14T00:15:08+08:00 ] ::1 /admin.php/__TMPL__/common/css/ace-rtl.min.css
ERR: 无法加载控制器:__TMPL__

[ 2017-03-14T00:15:08+08:00 ] ::1 /admin.php/__TMPL__/common/js/ace-extra.min.js
ERR: 无法加载控制器:__TMPL__

[ 2017-03-14T00:15:08+08:00 ] ::1 /admin.php/__TMPL__/common/css/ace-skins.min.css
ERR: 无法加载控制器:__TMPL__

[ 2017-03-14T00:15:08+08:00 ] ::1 /admin.php/__TMPL__/common/js/jquery-2.0.3.min.js
ERR: 无法加载控制器:__TMPL__

[ 2017-03-14T00:15:08+08:00 ] ::1 /admin.php/__TMPL__/common/js/jquery-ui-1.10.3.custom.min.js
ERR: 无法加载控制器:__TMPL__

[ 2017-03-14T00:15:08+08:00 ] ::1 /admin.php/__TMPL__/common/js/typeahead-bs2.min.js
ERR: 无法加载控制器:__TMPL__

[ 2017-03-14T00:15:08+08:00 ] ::1 /admin.php/__TMPL__/common/js/jquery.ui.touch-punch.min.js
ERR: 无法加载控制器:__TMPL__

[ 2017-03-14T00:15:08+08:00 ] ::1 /admin.php/__TMPL__/common/js/bootstrap.min.js
ERR: 无法加载控制器:__TMPL__

[ 2017-03-14T00:15:08+08:00 ] ::1 /admin.php/__TMPL__/common/js/jquery.slimscroll.min.js
ERR: 无法加载控制器:__TMPL__

[ 2017-03-14T00:15:08+08:00 ] ::1 /admin.php/__TMPL__/common/js/jquery-2.0.3.min.js
ERR: 无法加载控制器:__TMPL__

[ 2017-03-14T00:15:08+08:00 ] ::1 /admin.php/__TMPL__/common/js/jquery.easy-pie-chart.min.js
ERR: 无法加载控制器:__TMPL__

[ 2017-03-14T00:15:08+08:00 ] ::1 /admin.php/__TMPL__/common/js/jquery.sparkline.min.js
ERR: 无法加载控制器:__TMPL__

[ 2017-03-14T00:15:08+08:00 ] ::1 /admin.php/__TMPL__/common/js/flot/jquery.flot.min.js
ERR: 无法加载控制器:__TMPL__

[ 2017-03-14T00:15:08+08:00 ] ::1 /admin.php/__TMPL__/common/js/flot/jquery.flot.pie.min.js
ERR: 无法加载控制器:__TMPL__

[ 2017-03-14T00:15:08+08:00 ] ::1 /admin.php/__TMPL__/common/js/flot/jquery.flot.resize.min.js
ERR: 无法加载控制器:__TMPL__

[ 2017-03-14T00:15:08+08:00 ] ::1 /admin.php/__TMPL__/common/js/ace-elements.min.js
ERR: 无法加载控制器:__TMPL__

[ 2017-03-14T00:15:08+08:00 ] ::1 /admin.php/__TMPL__/common/js/bootstrap.min.js
ERR: 无法加载控制器:__TMPL__

[ 2017-03-14T00:15:08+08:00 ] ::1 /admin.php/__TMPL__/common/js/ace.min.js
ERR: 无法加载控制器:__TMPL__

[ 2017-03-14T00:15:09+08:00 ] ::1 /admin.php/__TMPL__/common/js/typeahead-bs2.min.js
ERR: 无法加载控制器:__TMPL__

[ 2017-03-14T00:15:09+08:00 ] ::1 /admin.php/__TMPL__/common/js/jquery-ui-1.10.3.custom.min.js
ERR: 无法加载控制器:__TMPL__

[ 2017-03-14T00:15:09+08:00 ] ::1 /admin.php/__TMPL__/common/js/jquery.ui.touch-punch.min.js
ERR: 无法加载控制器:__TMPL__

[ 2017-03-14T00:15:09+08:00 ] ::1 /admin.php/__TMPL__/common/js/jquery.slimscroll.min.js
ERR: 无法加载控制器:__TMPL__

[ 2017-03-14T00:15:09+08:00 ] ::1 /admin.php/__TMPL__/common/js/jquery.easy-pie-chart.min.js
ERR: 无法加载控制器:__TMPL__

[ 2017-03-14T00:15:09+08:00 ] ::1 /admin.php/__TMPL__/common/js/jquery.sparkline.min.js
ERR: 无法加载控制器:__TMPL__

[ 2017-03-14T00:15:09+08:00 ] ::1 /admin.php/__TMPL__/common/js/flot/jquery.flot.min.js
ERR: 无法加载控制器:__TMPL__

[ 2017-03-14T00:15:09+08:00 ] ::1 /admin.php/__TMPL__/common/js/flot/jquery.flot.pie.min.js
ERR: 无法加载控制器:__TMPL__

[ 2017-03-14T00:15:09+08:00 ] ::1 /admin.php/__TMPL__/common/js/flot/jquery.flot.resize.min.js
ERR: 无法加载控制器:__TMPL__

[ 2017-03-14T00:15:09+08:00 ] ::1 /admin.php/__TMPL__/common/js/ace-elements.min.js
ERR: 无法加载控制器:__TMPL__

[ 2017-03-14T00:15:09+08:00 ] ::1 /admin.php/__TMPL__/common/js/ace.min.js
ERR: 无法加载控制器:__TMPL__

[ 2017-03-14T00:16:16+08:00 ] ::1 /admin.php/__VIEW__/common/css/ace.min.css
ERR: 无法加载控制器:__VIEW__

[ 2017-03-14T00:16:16+08:00 ] ::1 /admin.php/__VIEW__/common/css/ace-rtl.min.css
ERR: 无法加载控制器:__VIEW__

[ 2017-03-14T00:16:16+08:00 ] ::1 /admin.php/__VIEW__/common/js/ace-extra.min.js
ERR: 无法加载控制器:__VIEW__

[ 2017-03-14T00:16:16+08:00 ] ::1 /admin.php/__VIEW__/common/css/font-awesome.min.css
ERR: 无法加载控制器:__VIEW__

[ 2017-03-14T00:16:16+08:00 ] ::1 /admin.php/__VIEW__/common/css/bootstrap.min.css
ERR: 无法加载控制器:__VIEW__

[ 2017-03-14T00:16:16+08:00 ] ::1 /admin.php/__VIEW__/common/css/ace-skins.min.css
ERR: 无法加载控制器:__VIEW__

[ 2017-03-14T00:16:16+08:00 ] ::1 /admin.php/__VIEW__/common/js/jquery-2.0.3.min.js
ERR: 无法加载控制器:__VIEW__

[ 2017-03-14T00:16:16+08:00 ] ::1 /admin.php/__VIEW__/common/js/bootstrap.min.js
ERR: 无法加载控制器:__VIEW__

[ 2017-03-14T00:16:16+08:00 ] ::1 /admin.php/__VIEW__/common/js/jquery.slimscroll.min.js
ERR: 无法加载控制器:__VIEW__

[ 2017-03-14T00:16:16+08:00 ] ::1 /admin.php/__VIEW__/common/js/typeahead-bs2.min.js
ERR: 无法加载控制器:__VIEW__

[ 2017-03-14T00:16:16+08:00 ] ::1 /admin.php/__VIEW__/common/js/jquery.ui.touch-punch.min.js
ERR: 无法加载控制器:__VIEW__

[ 2017-03-14T00:16:16+08:00 ] ::1 /admin.php/__VIEW__/common/js/jquery-ui-1.10.3.custom.min.js
ERR: 无法加载控制器:__VIEW__

[ 2017-03-14T00:16:17+08:00 ] ::1 /admin.php/__VIEW__/common/js/jquery-2.0.3.min.js
ERR: 无法加载控制器:__VIEW__

[ 2017-03-14T00:16:17+08:00 ] ::1 /admin.php/__VIEW__/common/js/jquery.easy-pie-chart.min.js
ERR: 无法加载控制器:__VIEW__

[ 2017-03-14T00:16:17+08:00 ] ::1 /admin.php/__VIEW__/common/js/jquery.sparkline.min.js
ERR: 无法加载控制器:__VIEW__

[ 2017-03-14T00:16:17+08:00 ] ::1 /admin.php/__VIEW__/common/js/flot/jquery.flot.min.js
ERR: 无法加载控制器:__VIEW__

[ 2017-03-14T00:16:17+08:00 ] ::1 /admin.php/__VIEW__/common/js/flot/jquery.flot.pie.min.js
ERR: 无法加载控制器:__VIEW__

[ 2017-03-14T00:16:17+08:00 ] ::1 /admin.php/__VIEW__/common/js/flot/jquery.flot.resize.min.js
ERR: 无法加载控制器:__VIEW__

[ 2017-03-14T00:16:17+08:00 ] ::1 /admin.php/__VIEW__/common/js/ace-elements.min.js
ERR: 无法加载控制器:__VIEW__

[ 2017-03-14T00:16:17+08:00 ] ::1 /admin.php/__VIEW__/common/js/bootstrap.min.js
ERR: 无法加载控制器:__VIEW__

[ 2017-03-14T00:16:17+08:00 ] ::1 /admin.php/__VIEW__/common/js/ace.min.js
ERR: 无法加载控制器:__VIEW__

[ 2017-03-14T00:16:17+08:00 ] ::1 /admin.php/__VIEW__/common/js/typeahead-bs2.min.js
ERR: 无法加载控制器:__VIEW__

[ 2017-03-14T00:16:17+08:00 ] ::1 /admin.php/__VIEW__/common/js/jquery-ui-1.10.3.custom.min.js
ERR: 无法加载控制器:__VIEW__

[ 2017-03-14T00:16:17+08:00 ] ::1 /admin.php/__VIEW__/common/js/jquery.ui.touch-punch.min.js
ERR: 无法加载控制器:__VIEW__

[ 2017-03-14T00:16:17+08:00 ] ::1 /admin.php/__VIEW__/common/js/jquery.slimscroll.min.js
ERR: 无法加载控制器:__VIEW__

[ 2017-03-14T00:16:17+08:00 ] ::1 /admin.php/__VIEW__/common/js/jquery.easy-pie-chart.min.js
ERR: 无法加载控制器:__VIEW__

[ 2017-03-14T00:16:17+08:00 ] ::1 /admin.php/__VIEW__/common/js/jquery.sparkline.min.js
ERR: 无法加载控制器:__VIEW__

[ 2017-03-14T00:16:17+08:00 ] ::1 /admin.php/__VIEW__/common/js/flot/jquery.flot.min.js
ERR: 无法加载控制器:__VIEW__

[ 2017-03-14T00:16:17+08:00 ] ::1 /admin.php/__VIEW__/common/js/flot/jquery.flot.pie.min.js
ERR: 无法加载控制器:__VIEW__

[ 2017-03-14T00:16:17+08:00 ] ::1 /admin.php/__VIEW__/common/js/flot/jquery.flot.resize.min.js
ERR: 无法加载控制器:__VIEW__

[ 2017-03-14T00:16:17+08:00 ] ::1 /admin.php/__VIEW__/common/js/ace-elements.min.js
ERR: 无法加载控制器:__VIEW__

[ 2017-03-14T00:16:18+08:00 ] ::1 /admin.php/__VIEW__/common/js/ace.min.js
ERR: 无法加载控制器:__VIEW__

[ 2017-03-14T00:17:44+08:00 ] ::1 /admin.php/__self__/common/js/ace-extra.min.js
ERR: 无法加载控制器:__self__

[ 2017-03-14T00:17:44+08:00 ] ::1 /admin.php/__self__/common/css/bootstrap.min.css
ERR: 无法加载控制器:__self__

[ 2017-03-14T00:17:44+08:00 ] ::1 /admin.php/__self__/common/css/ace-skins.min.css
ERR: 无法加载控制器:__self__

[ 2017-03-14T00:17:44+08:00 ] ::1 /admin.php/__self__/common/css/ace.min.css
ERR: 无法加载控制器:__self__

[ 2017-03-14T00:17:44+08:00 ] ::1 /admin.php/__self__/common/css/font-awesome.min.css
ERR: 无法加载控制器:__self__

[ 2017-03-14T00:17:44+08:00 ] ::1 /admin.php/__self__/common/css/ace-rtl.min.css
ERR: 无法加载控制器:__self__

[ 2017-03-14T00:17:44+08:00 ] ::1 /admin.php/__self__/common/js/jquery-2.0.3.min.js
ERR: 无法加载控制器:__self__

[ 2017-03-14T00:17:44+08:00 ] ::1 /admin.php/__self__/common/js/typeahead-bs2.min.js
ERR: 无法加载控制器:__self__

[ 2017-03-14T00:17:44+08:00 ] ::1 /admin.php/__self__/common/js/jquery-ui-1.10.3.custom.min.js
ERR: 无法加载控制器:__self__

[ 2017-03-14T00:17:44+08:00 ] ::1 /admin.php/__self__/common/js/bootstrap.min.js
ERR: 无法加载控制器:__self__

[ 2017-03-14T00:17:44+08:00 ] ::1 /admin.php/__self__/common/js/jquery.ui.touch-punch.min.js
ERR: 无法加载控制器:__self__

[ 2017-03-14T00:17:44+08:00 ] ::1 /admin.php/__self__/common/js/jquery.slimscroll.min.js
ERR: 无法加载控制器:__self__

[ 2017-03-14T00:17:44+08:00 ] ::1 /admin.php/__self__/common/js/jquery-2.0.3.min.js
ERR: 无法加载控制器:__self__

[ 2017-03-14T00:17:44+08:00 ] ::1 /admin.php/__self__/common/js/jquery.easy-pie-chart.min.js
ERR: 无法加载控制器:__self__

[ 2017-03-14T00:17:44+08:00 ] ::1 /admin.php/__self__/common/js/jquery.sparkline.min.js
ERR: 无法加载控制器:__self__

[ 2017-03-14T00:17:44+08:00 ] ::1 /admin.php/__self__/common/js/flot/jquery.flot.min.js
ERR: 无法加载控制器:__self__

[ 2017-03-14T00:17:44+08:00 ] ::1 /admin.php/__self__/common/js/flot/jquery.flot.pie.min.js
ERR: 无法加载控制器:__self__

[ 2017-03-14T00:17:44+08:00 ] ::1 /admin.php/__self__/common/js/flot/jquery.flot.resize.min.js
ERR: 无法加载控制器:__self__

[ 2017-03-14T00:17:44+08:00 ] ::1 /admin.php/__self__/common/js/ace-elements.min.js
ERR: 无法加载控制器:__self__

[ 2017-03-14T00:17:44+08:00 ] ::1 /admin.php/__self__/common/js/bootstrap.min.js
ERR: 无法加载控制器:__self__

[ 2017-03-14T00:17:44+08:00 ] ::1 /admin.php/__self__/common/js/ace.min.js
ERR: 无法加载控制器:__self__

[ 2017-03-14T00:17:45+08:00 ] ::1 /admin.php/__self__/common/js/typeahead-bs2.min.js
ERR: 无法加载控制器:__self__

[ 2017-03-14T00:17:45+08:00 ] ::1 /admin.php/__self__/common/js/jquery-ui-1.10.3.custom.min.js
ERR: 无法加载控制器:__self__

[ 2017-03-14T00:17:45+08:00 ] ::1 /admin.php/__self__/common/js/jquery.ui.touch-punch.min.js
ERR: 无法加载控制器:__self__

[ 2017-03-14T00:17:45+08:00 ] ::1 /admin.php/__self__/common/js/jquery.slimscroll.min.js
ERR: 无法加载控制器:__self__

[ 2017-03-14T00:17:45+08:00 ] ::1 /admin.php/__self__/common/js/jquery.easy-pie-chart.min.js
ERR: 无法加载控制器:__self__

[ 2017-03-14T00:17:45+08:00 ] ::1 /admin.php/__self__/common/js/jquery.sparkline.min.js
ERR: 无法加载控制器:__self__

[ 2017-03-14T00:17:45+08:00 ] ::1 /admin.php/__self__/common/js/flot/jquery.flot.min.js
ERR: 无法加载控制器:__self__

[ 2017-03-14T00:17:45+08:00 ] ::1 /admin.php/__self__/common/js/flot/jquery.flot.pie.min.js
ERR: 无法加载控制器:__self__

[ 2017-03-14T00:17:45+08:00 ] ::1 /admin.php/__self__/common/js/flot/jquery.flot.resize.min.js
ERR: 无法加载控制器:__self__

[ 2017-03-14T00:17:45+08:00 ] ::1 /admin.php/__self__/common/js/ace-elements.min.js
ERR: 无法加载控制器:__self__

[ 2017-03-14T00:17:45+08:00 ] ::1 /admin.php/__self__/common/js/ace.min.js
ERR: 无法加载控制器:__self__

[ 2017-03-14T00:18:16+08:00 ] ::1 /admin.php//common/js/ace-extra.min.js
ERR: 无法加载控制器:Common

[ 2017-03-14T00:18:16+08:00 ] ::1 /admin.php//common/css/bootstrap.min.css
ERR: 无法加载控制器:Common

[ 2017-03-14T00:18:17+08:00 ] ::1 /admin.php//common/css/font-awesome.min.css
ERR: 无法加载控制器:Common

[ 2017-03-14T00:18:17+08:00 ] ::1 /admin.php//common/css/ace.min.css
ERR: 无法加载控制器:Common

[ 2017-03-14T00:18:17+08:00 ] ::1 /admin.php//common/css/ace-rtl.min.css
ERR: 无法加载控制器:Common

[ 2017-03-14T00:18:17+08:00 ] ::1 /admin.php//common/css/ace-skins.min.css
ERR: 无法加载控制器:Common

[ 2017-03-14T00:18:17+08:00 ] ::1 /admin.php//common/js/jquery-2.0.3.min.js
ERR: 无法加载控制器:Common

[ 2017-03-14T00:18:17+08:00 ] ::1 /admin.php//common/js/jquery-ui-1.10.3.custom.min.js
ERR: 无法加载控制器:Common

[ 2017-03-14T00:18:17+08:00 ] ::1 /admin.php//common/js/typeahead-bs2.min.js
ERR: 无法加载控制器:Common

[ 2017-03-14T00:18:17+08:00 ] ::1 /admin.php//common/js/bootstrap.min.js
ERR: 无法加载控制器:Common

[ 2017-03-14T00:18:17+08:00 ] ::1 /admin.php//common/js/jquery.ui.touch-punch.min.js
ERR: 无法加载控制器:Common

[ 2017-03-14T00:18:17+08:00 ] ::1 /admin.php//common/js/jquery.slimscroll.min.js
ERR: 无法加载控制器:Common

[ 2017-03-14T00:18:17+08:00 ] ::1 /admin.php//common/js/jquery-2.0.3.min.js
ERR: 无法加载控制器:Common

[ 2017-03-14T00:18:17+08:00 ] ::1 /admin.php//common/js/jquery.easy-pie-chart.min.js
ERR: 无法加载控制器:Common

[ 2017-03-14T00:18:17+08:00 ] ::1 /admin.php//common/js/jquery.sparkline.min.js
ERR: 无法加载控制器:Common

[ 2017-03-14T00:18:17+08:00 ] ::1 /admin.php//common/js/flot/jquery.flot.min.js
ERR: 无法加载控制器:Common

[ 2017-03-14T00:18:17+08:00 ] ::1 /admin.php//common/js/flot/jquery.flot.pie.min.js
ERR: 无法加载控制器:Common

[ 2017-03-14T00:18:17+08:00 ] ::1 /admin.php//common/js/flot/jquery.flot.resize.min.js
ERR: 无法加载控制器:Common

[ 2017-03-14T00:18:17+08:00 ] ::1 /admin.php//common/js/ace-elements.min.js
ERR: 无法加载控制器:Common

[ 2017-03-14T00:18:17+08:00 ] ::1 /admin.php//common/js/bootstrap.min.js
ERR: 无法加载控制器:Common

[ 2017-03-14T00:18:17+08:00 ] ::1 /admin.php//common/js/ace.min.js
ERR: 无法加载控制器:Common

[ 2017-03-14T00:18:17+08:00 ] ::1 /admin.php//common/js/typeahead-bs2.min.js
ERR: 无法加载控制器:Common

[ 2017-03-14T00:18:17+08:00 ] ::1 /admin.php//common/js/jquery-ui-1.10.3.custom.min.js
ERR: 无法加载控制器:Common

[ 2017-03-14T00:18:17+08:00 ] ::1 /admin.php//common/js/jquery.ui.touch-punch.min.js
ERR: 无法加载控制器:Common

[ 2017-03-14T00:18:17+08:00 ] ::1 /admin.php//common/js/jquery.slimscroll.min.js
ERR: 无法加载控制器:Common

[ 2017-03-14T00:18:17+08:00 ] ::1 /admin.php//common/js/jquery.easy-pie-chart.min.js
ERR: 无法加载控制器:Common

[ 2017-03-14T00:18:18+08:00 ] ::1 /admin.php//common/js/jquery.sparkline.min.js
ERR: 无法加载控制器:Common

[ 2017-03-14T00:18:18+08:00 ] ::1 /admin.php//common/js/flot/jquery.flot.min.js
ERR: 无法加载控制器:Common

[ 2017-03-14T00:18:18+08:00 ] ::1 /admin.php//common/js/flot/jquery.flot.pie.min.js
ERR: 无法加载控制器:Common

[ 2017-03-14T00:18:18+08:00 ] ::1 /admin.php//common/js/flot/jquery.flot.resize.min.js
ERR: 无法加载控制器:Common

[ 2017-03-14T00:18:18+08:00 ] ::1 /admin.php//common/js/ace-elements.min.js
ERR: 无法加载控制器:Common

[ 2017-03-14T00:18:18+08:00 ] ::1 /admin.php//common/js/ace.min.js
ERR: 无法加载控制器:Common

[ 2017-03-14T00:30:01+08:00 ] ::1 /admin.php/Admin/View/common/css/ace.min.css
ERR: 无法加载控制器:Admin

[ 2017-03-14T00:30:01+08:00 ] ::1 /admin.php/Admin/View/common/css/font-awesome.min.css
ERR: 无法加载控制器:Admin

[ 2017-03-14T00:30:01+08:00 ] ::1 /admin.php/Admin/View/common/js/ace-extra.min.js
ERR: 无法加载控制器:Admin

[ 2017-03-14T00:30:01+08:00 ] ::1 /admin.php/Admin/View/common/css/ace-rtl.min.css
ERR: 无法加载控制器:Admin

[ 2017-03-14T00:30:01+08:00 ] ::1 /admin.php/Admin/View/common/css/ace-skins.min.css
ERR: 无法加载控制器:Admin

[ 2017-03-14T00:30:01+08:00 ] ::1 /admin.php/Admin/View/common/css/bootstrap.min.css
ERR: 无法加载控制器:Admin

[ 2017-03-14T00:30:01+08:00 ] ::1 /admin.php/Admin/View/common/js/jquery-2.0.3.min.js
ERR: 无法加载控制器:Admin

[ 2017-03-14T00:30:01+08:00 ] ::1 /admin.php/Admin/View/common/js/jquery-ui-1.10.3.custom.min.js
ERR: 无法加载控制器:Admin

[ 2017-03-14T00:30:01+08:00 ] ::1 /admin.php/Admin/View/common/js/typeahead-bs2.min.js
ERR: 无法加载控制器:Admin

[ 2017-03-14T00:30:01+08:00 ] ::1 /admin.php/Admin/View/common/js/bootstrap.min.js
ERR: 无法加载控制器:Admin

[ 2017-03-14T00:30:01+08:00 ] ::1 /admin.php/Admin/View/common/js/jquery.ui.touch-punch.min.js
ERR: 无法加载控制器:Admin

[ 2017-03-14T00:30:01+08:00 ] ::1 /admin.php/Admin/View/common/js/jquery.slimscroll.min.js
ERR: 无法加载控制器:Admin

[ 2017-03-14T00:30:01+08:00 ] ::1 /admin.php/Admin/View/common/js/jquery-2.0.3.min.js
ERR: 无法加载控制器:Admin

[ 2017-03-14T00:30:01+08:00 ] ::1 /admin.php/Admin/View/common/js/jquery.easy-pie-chart.min.js
ERR: 无法加载控制器:Admin

[ 2017-03-14T00:30:01+08:00 ] ::1 /admin.php/Admin/View/common/js/jquery.sparkline.min.js
ERR: 无法加载控制器:Admin

[ 2017-03-14T00:30:01+08:00 ] ::1 /admin.php/Admin/View/common/js/flot/jquery.flot.min.js
ERR: 无法加载控制器:Admin

[ 2017-03-14T00:30:01+08:00 ] ::1 /admin.php/Admin/View/common/js/flot/jquery.flot.resize.min.js
ERR: 无法加载控制器:Admin

[ 2017-03-14T00:30:01+08:00 ] ::1 /admin.php/Admin/View/common/js/flot/jquery.flot.pie.min.js
ERR: 无法加载控制器:Admin

[ 2017-03-14T00:30:01+08:00 ] ::1 /admin.php/Admin/View/common/js/ace-elements.min.js
ERR: 无法加载控制器:Admin

[ 2017-03-14T00:30:02+08:00 ] ::1 /admin.php/Admin/View/common/js/bootstrap.min.js
ERR: 无法加载控制器:Admin

[ 2017-03-14T00:30:02+08:00 ] ::1 /admin.php/Admin/View/common/js/ace.min.js
ERR: 无法加载控制器:Admin

[ 2017-03-14T00:30:02+08:00 ] ::1 /admin.php/Admin/View/common/js/typeahead-bs2.min.js
ERR: 无法加载控制器:Admin

[ 2017-03-14T00:30:02+08:00 ] ::1 /admin.php/Admin/View/common/js/jquery-ui-1.10.3.custom.min.js
ERR: 无法加载控制器:Admin

[ 2017-03-14T00:30:02+08:00 ] ::1 /admin.php/Admin/View/common/js/jquery.ui.touch-punch.min.js
ERR: 无法加载控制器:Admin

[ 2017-03-14T00:30:02+08:00 ] ::1 /admin.php/Admin/View/common/js/jquery.slimscroll.min.js
ERR: 无法加载控制器:Admin

[ 2017-03-14T00:30:02+08:00 ] ::1 /admin.php/Admin/View/common/js/jquery.easy-pie-chart.min.js
ERR: 无法加载控制器:Admin

[ 2017-03-14T00:30:02+08:00 ] ::1 /admin.php/Admin/View/common/js/jquery.sparkline.min.js
ERR: 无法加载控制器:Admin

[ 2017-03-14T00:30:02+08:00 ] ::1 /admin.php/Admin/View/common/js/flot/jquery.flot.min.js
ERR: 无法加载控制器:Admin

[ 2017-03-14T00:30:02+08:00 ] ::1 /admin.php/Admin/View/common/js/flot/jquery.flot.pie.min.js
ERR: 无法加载控制器:Admin

[ 2017-03-14T00:30:02+08:00 ] ::1 /admin.php/Admin/View/common/js/flot/jquery.flot.resize.min.js
ERR: 无法加载控制器:Admin

[ 2017-03-14T00:30:02+08:00 ] ::1 /admin.php/Admin/View/common/js/ace-elements.min.js
ERR: 无法加载控制器:Admin

[ 2017-03-14T00:30:02+08:00 ] ::1 /admin.php/Admin/View/common/js/ace.min.js
ERR: 无法加载控制器:Admin

[ 2017-03-14T00:30:10+08:00 ] ::1 /admin.php/Admin/View/common/css/bootstrap.min.css
ERR: 无法加载控制器:Admin

[ 2017-03-14T00:30:10+08:00 ] ::1 /admin.php/Admin/View/common/css/ace.min.css
ERR: 无法加载控制器:Admin

[ 2017-03-14T00:30:10+08:00 ] ::1 /admin.php/Admin/View/common/css/ace-skins.min.css
ERR: 无法加载控制器:Admin

[ 2017-03-14T00:30:10+08:00 ] ::1 /admin.php/Admin/View/common/css/font-awesome.min.css
ERR: 无法加载控制器:Admin

[ 2017-03-14T00:30:10+08:00 ] ::1 /admin.php/Admin/View/common/css/ace-rtl.min.css
ERR: 无法加载控制器:Admin

[ 2017-03-14T00:33:52+08:00 ] ::1 /admin.php/View/common/css/bootstrap.min.css
ERR: 无法加载控制器:View

[ 2017-03-14T00:33:52+08:00 ] ::1 /admin.php/View/common/css/font-awesome.min.css
ERR: 无法加载控制器:View

[ 2017-03-14T00:33:52+08:00 ] ::1 /admin.php/View/common/css/ace-skins.min.css
ERR: 无法加载控制器:View

[ 2017-03-14T00:33:52+08:00 ] ::1 /admin.php/View/common/css/ace-rtl.min.css
ERR: 无法加载控制器:View

[ 2017-03-14T00:33:52+08:00 ] ::1 /admin.php/View/common/js/ace-extra.min.js
ERR: 无法加载控制器:View

[ 2017-03-14T00:33:52+08:00 ] ::1 /admin.php/View/common/css/ace.min.css
ERR: 无法加载控制器:View

[ 2017-03-14T00:33:52+08:00 ] ::1 /admin.php/View/common/js/jquery-2.0.3.min.js
ERR: 无法加载控制器:View

[ 2017-03-14T00:33:52+08:00 ] ::1 /admin.php/View/common/js/jquery-ui-1.10.3.custom.min.js
ERR: 无法加载控制器:View

[ 2017-03-14T00:33:52+08:00 ] ::1 /admin.php/View/common/js/typeahead-bs2.min.js
ERR: 无法加载控制器:View

[ 2017-03-14T00:33:52+08:00 ] ::1 /admin.php/View/common/js/jquery.slimscroll.min.js
ERR: 无法加载控制器:View

[ 2017-03-14T00:33:52+08:00 ] ::1 /admin.php/View/common/js/bootstrap.min.js
ERR: 无法加载控制器:View

[ 2017-03-14T00:33:52+08:00 ] ::1 /admin.php/View/common/js/jquery.ui.touch-punch.min.js
ERR: 无法加载控制器:View

[ 2017-03-14T00:33:52+08:00 ] ::1 /admin.php/View/common/js/jquery-2.0.3.min.js
ERR: 无法加载控制器:View

[ 2017-03-14T00:33:52+08:00 ] ::1 /admin.php/View/common/js/jquery.easy-pie-chart.min.js
ERR: 无法加载控制器:View

[ 2017-03-14T00:33:52+08:00 ] ::1 /admin.php/View/common/js/flot/jquery.flot.min.js
ERR: 无法加载控制器:View

[ 2017-03-14T00:33:52+08:00 ] ::1 /admin.php/View/common/js/jquery.sparkline.min.js
ERR: 无法加载控制器:View

[ 2017-03-14T00:33:52+08:00 ] ::1 /admin.php/View/common/js/flot/jquery.flot.pie.min.js
ERR: 无法加载控制器:View

[ 2017-03-14T00:33:52+08:00 ] ::1 /admin.php/View/common/js/flot/jquery.flot.resize.min.js
ERR: 无法加载控制器:View

[ 2017-03-14T00:33:52+08:00 ] ::1 /admin.php/View/common/js/ace-elements.min.js
ERR: 无法加载控制器:View

[ 2017-03-14T00:33:52+08:00 ] ::1 /admin.php/View/common/js/bootstrap.min.js
ERR: 无法加载控制器:View

[ 2017-03-14T00:33:53+08:00 ] ::1 /admin.php/View/common/js/ace.min.js
ERR: 无法加载控制器:View

[ 2017-03-14T00:33:53+08:00 ] ::1 /admin.php/View/common/js/typeahead-bs2.min.js
ERR: 无法加载控制器:View

[ 2017-03-14T00:33:53+08:00 ] ::1 /admin.php/View/common/js/jquery-ui-1.10.3.custom.min.js
ERR: 无法加载控制器:View

[ 2017-03-14T00:33:53+08:00 ] ::1 /admin.php/View/common/js/jquery.ui.touch-punch.min.js
ERR: 无法加载控制器:View

[ 2017-03-14T00:33:53+08:00 ] ::1 /admin.php/View/common/js/jquery.slimscroll.min.js
ERR: 无法加载控制器:View

[ 2017-03-14T00:33:53+08:00 ] ::1 /admin.php/View/common/js/jquery.easy-pie-chart.min.js
ERR: 无法加载控制器:View

[ 2017-03-14T00:33:53+08:00 ] ::1 /admin.php/View/common/js/jquery.sparkline.min.js
ERR: 无法加载控制器:View

[ 2017-03-14T00:33:53+08:00 ] ::1 /admin.php/View/common/js/flot/jquery.flot.min.js
ERR: 无法加载控制器:View

[ 2017-03-14T00:33:53+08:00 ] ::1 /admin.php/View/common/js/flot/jquery.flot.pie.min.js
ERR: 无法加载控制器:View

[ 2017-03-14T00:33:53+08:00 ] ::1 /admin.php/View/common/js/flot/jquery.flot.resize.min.js
ERR: 无法加载控制器:View

[ 2017-03-14T00:33:53+08:00 ] ::1 /admin.php/View/common/js/ace-elements.min.js
ERR: 无法加载控制器:View

[ 2017-03-14T00:33:53+08:00 ] ::1 /admin.php/View/common/js/ace.min.js
ERR: 无法加载控制器:View

[ 2017-03-14T00:36:21+08:00 ] ::1 /admin.php/admin.php.html/View/common/css/bootstrap.min.css
ERR: 无法加载控制器:Admin.php.html

[ 2017-03-14T00:36:21+08:00 ] ::1 /admin.php/admin.php.html/View/common/css/ace.min.css
ERR: 无法加载控制器:Admin.php.html

[ 2017-03-14T00:36:21+08:00 ] ::1 /admin.php/admin.php.html/View/common/css/font-awesome.min.css
ERR: 无法加载控制器:Admin.php.html

[ 2017-03-14T00:36:21+08:00 ] ::1 /admin.php/admin.php.html/View/common/js/ace-extra.min.js
ERR: 无法加载控制器:Admin.php.html

[ 2017-03-14T00:36:22+08:00 ] ::1 /admin.php/admin.php.html/View/common/css/ace-rtl.min.css
ERR: 无法加载控制器:Admin.php.html

[ 2017-03-14T00:36:22+08:00 ] ::1 /admin.php/admin.php.html/View/common/css/ace-skins.min.css
ERR: 无法加载控制器:Admin.php.html

[ 2017-03-14T00:36:22+08:00 ] ::1 /admin.php/admin.php.html/View/common/js/jquery-2.0.3.min.js
ERR: 无法加载控制器:Admin.php.html

[ 2017-03-14T00:36:22+08:00 ] ::1 /admin.php/admin.php.html/View/common/js/typeahead-bs2.min.js
ERR: 无法加载控制器:Admin.php.html

[ 2017-03-14T00:36:22+08:00 ] ::1 /admin.php/admin.php.html/View/common/js/jquery-ui-1.10.3.custom.min.js
ERR: 无法加载控制器:Admin.php.html

[ 2017-03-14T00:36:22+08:00 ] ::1 /admin.php/admin.php.html/View/common/js/bootstrap.min.js
ERR: 无法加载控制器:Admin.php.html

[ 2017-03-14T00:36:22+08:00 ] ::1 /admin.php/admin.php.html/View/common/js/jquery.ui.touch-punch.min.js
ERR: 无法加载控制器:Admin.php.html

[ 2017-03-14T00:36:22+08:00 ] ::1 /admin.php/admin.php.html/View/common/js/jquery.slimscroll.min.js
ERR: 无法加载控制器:Admin.php.html

[ 2017-03-14T00:36:22+08:00 ] ::1 /admin.php/admin.php.html/View/common/js/jquery-2.0.3.min.js
ERR: 无法加载控制器:Admin.php.html

[ 2017-03-14T00:36:22+08:00 ] ::1 /admin.php/admin.php.html/View/common/js/jquery.easy-pie-chart.min.js
ERR: 无法加载控制器:Admin.php.html

[ 2017-03-14T00:36:22+08:00 ] ::1 /admin.php/admin.php.html/View/common/js/jquery.sparkline.min.js
ERR: 无法加载控制器:Admin.php.html

[ 2017-03-14T00:36:22+08:00 ] ::1 /admin.php/admin.php.html/View/common/js/flot/jquery.flot.min.js
ERR: 无法加载控制器:Admin.php.html

[ 2017-03-14T00:36:22+08:00 ] ::1 /admin.php/admin.php.html/View/common/js/flot/jquery.flot.pie.min.js
ERR: 无法加载控制器:Admin.php.html

[ 2017-03-14T00:36:22+08:00 ] ::1 /admin.php/admin.php.html/View/common/js/flot/jquery.flot.resize.min.js
ERR: 无法加载控制器:Admin.php.html

[ 2017-03-14T00:36:22+08:00 ] ::1 /admin.php/admin.php.html/View/common/js/ace-elements.min.js
ERR: 无法加载控制器:Admin.php.html

[ 2017-03-14T00:36:22+08:00 ] ::1 /admin.php/admin.php.html/View/common/js/bootstrap.min.js
ERR: 无法加载控制器:Admin.php.html

[ 2017-03-14T00:36:22+08:00 ] ::1 /admin.php/admin.php.html/View/common/js/ace.min.js
ERR: 无法加载控制器:Admin.php.html

[ 2017-03-14T00:36:22+08:00 ] ::1 /admin.php/admin.php.html/View/common/js/typeahead-bs2.min.js
ERR: 无法加载控制器:Admin.php.html

[ 2017-03-14T00:36:22+08:00 ] ::1 /admin.php/admin.php.html/View/common/js/jquery-ui-1.10.3.custom.min.js
ERR: 无法加载控制器:Admin.php.html

[ 2017-03-14T00:36:22+08:00 ] ::1 /admin.php/admin.php.html/View/common/js/jquery.ui.touch-punch.min.js
ERR: 无法加载控制器:Admin.php.html

[ 2017-03-14T00:36:22+08:00 ] ::1 /admin.php/admin.php.html/View/common/js/jquery.slimscroll.min.js
ERR: 无法加载控制器:Admin.php.html

[ 2017-03-14T00:36:22+08:00 ] ::1 /admin.php/admin.php.html/View/common/js/jquery.easy-pie-chart.min.js
ERR: 无法加载控制器:Admin.php.html

[ 2017-03-14T00:36:22+08:00 ] ::1 /admin.php/admin.php.html/View/common/js/jquery.sparkline.min.js
ERR: 无法加载控制器:Admin.php.html

[ 2017-03-14T00:36:22+08:00 ] ::1 /admin.php/admin.php.html/View/common/js/flot/jquery.flot.min.js
ERR: 无法加载控制器:Admin.php.html

[ 2017-03-14T00:36:23+08:00 ] ::1 /admin.php/admin.php.html/View/common/js/flot/jquery.flot.pie.min.js
ERR: 无法加载控制器:Admin.php.html

[ 2017-03-14T00:36:23+08:00 ] ::1 /admin.php/admin.php.html/View/common/js/flot/jquery.flot.resize.min.js
ERR: 无法加载控制器:Admin.php.html

[ 2017-03-14T00:36:23+08:00 ] ::1 /admin.php/admin.php.html/View/common/js/ace-elements.min.js
ERR: 无法加载控制器:Admin.php.html

[ 2017-03-14T00:36:23+08:00 ] ::1 /admin.php/admin.php.html/View/common/js/ace.min.js
ERR: 无法加载控制器:Admin.php.html

[ 2017-03-14T11:55:35+08:00 ] ::1 /admin.php/Index/assets/css/bootstrap.min.css
ERR: 非法操作:assets

[ 2017-03-14T11:55:35+08:00 ] ::1 /admin.php/Index/assets/css/ace-rtl.min.css
ERR: 非法操作:assets

[ 2017-03-14T11:55:35+08:00 ] ::1 /admin.php/Index/assets/css/ace-skins.min.css
ERR: 非法操作:assets

[ 2017-03-14T11:55:35+08:00 ] ::1 /admin.php/Index/assets/css/font-Open-Sans.css
ERR: 非法操作:assets

[ 2017-03-14T11:55:36+08:00 ] ::1 /admin.php/Index/assets/css/jquery.gritter.css
ERR: 非法操作:assets

[ 2017-03-14T11:55:36+08:00 ] ::1 /admin.php/Index/assets/css/font-awesome.min.css
ERR: 非法操作:assets

[ 2017-03-14T11:55:36+08:00 ] ::1 /admin.php/Index/assets/js/ace-extra.min.js
ERR: 非法操作:assets

[ 2017-03-14T11:55:36+08:00 ] ::1 /admin.php/Index/assets/css/jquery-ui-1.10.3.custom.min.css
ERR: 非法操作:assets

[ 2017-03-14T11:55:36+08:00 ] ::1 /admin.php/Index/assets/css/ace.min.css
ERR: 非法操作:assets

[ 2017-03-14T11:55:36+08:00 ] ::1 /admin.php/Index/assets/js/jquery-2.0.3.min.js
ERR: 非法操作:assets

[ 2017-03-14T11:55:36+08:00 ] ::1 /admin.php/Index/assets/js/jquery.ui.touch-punch.min.js
ERR: 非法操作:assets

[ 2017-03-14T11:55:36+08:00 ] ::1 /admin.php/Index/assets/js/bootstrap.min.js
ERR: 非法操作:assets

[ 2017-03-14T11:55:36+08:00 ] ::1 /admin.php/Index/assets/js/jquery-ui-1.10.3.custom.min.js
ERR: 非法操作:assets

[ 2017-03-14T11:55:36+08:00 ] ::1 /admin.php/Index/assets/js/typeahead-bs2.min.js
ERR: 非法操作:assets

[ 2017-03-14T11:55:36+08:00 ] ::1 /admin.php/Index/assets/js/bootbox.min.js
ERR: 非法操作:assets

[ 2017-03-14T11:55:36+08:00 ] ::1 /admin.php/Index/assets/js/jquery-2.0.3.min.js
ERR: 非法操作:assets

[ 2017-03-14T11:55:36+08:00 ] ::1 /admin.php/Index/assets/js/jquery.easy-pie-chart.min.js
ERR: 非法操作:assets

[ 2017-03-14T11:55:36+08:00 ] ::1 /admin.php/Index/assets/js/jquery.gritter.min.js
ERR: 非法操作:assets

[ 2017-03-14T11:55:36+08:00 ] ::1 /admin.php/Index/assets/js/ace-elements.min.js
ERR: 非法操作:assets

[ 2017-03-14T11:55:36+08:00 ] ::1 /admin.php/Index/assets/js/spin.min.js
ERR: 非法操作:assets

[ 2017-03-14T11:55:36+08:00 ] ::1 /admin.php/Index/assets/js/ace.min.js
ERR: 非法操作:assets

[ 2017-03-14T11:55:36+08:00 ] ::1 /admin.php/Index/assets/js/jquery.mobile.custom.min.js
ERR: 非法操作:assets

[ 2017-03-14T11:55:36+08:00 ] ::1 /admin.php/Index/assets/js/bootstrap.min.js
ERR: 非法操作:assets

[ 2017-03-14T11:55:36+08:00 ] ::1 /admin.php/Index/assets/js/typeahead-bs2.min.js
ERR: 非法操作:assets

[ 2017-03-14T11:55:36+08:00 ] ::1 /admin.php/Index/assets/js/jquery-ui-1.10.3.custom.min.js
ERR: 非法操作:assets

[ 2017-03-14T11:55:36+08:00 ] ::1 /admin.php/Index/assets/js/jquery.ui.touch-punch.min.js
ERR: 非法操作:assets

[ 2017-03-14T11:55:36+08:00 ] ::1 /admin.php/Index/assets/js/bootbox.min.js
ERR: 非法操作:assets

[ 2017-03-14T11:55:37+08:00 ] ::1 /admin.php/Index/assets/js/jquery.easy-pie-chart.min.js
ERR: 非法操作:assets

[ 2017-03-14T11:55:37+08:00 ] ::1 /admin.php/Index/assets/js/jquery.gritter.min.js
ERR: 非法操作:assets

[ 2017-03-14T11:55:37+08:00 ] ::1 /admin.php/Index/assets/js/spin.min.js
ERR: 非法操作:assets

[ 2017-03-14T11:55:37+08:00 ] ::1 /admin.php/Index/assets/js/ace-elements.min.js
ERR: 非法操作:assets

[ 2017-03-14T11:55:37+08:00 ] ::1 /admin.php/Index/assets/js/ace.min.js
ERR: 非法操作:assets

[ 2017-03-14T12:01:09+08:00 ] ::1 /admin.php/Index/assets/css/bootstrap.min.css
ERR: 非法操作:assets

[ 2017-03-14T12:01:09+08:00 ] ::1 /admin.php/Index/assets/css/ace-rtl.min.css
ERR: 非法操作:assets

[ 2017-03-14T12:01:09+08:00 ] ::1 /admin.php/Index/assets/css/ace-skins.min.css
ERR: 非法操作:assets

[ 2017-03-14T12:01:09+08:00 ] ::1 /admin.php/Index/assets/css/font-awesome.min.css
ERR: 非法操作:assets

[ 2017-03-14T12:01:09+08:00 ] ::1 /admin.php/Index/assets/css/jquery-ui-1.10.3.custom.min.css
ERR: 非法操作:assets

[ 2017-03-14T12:01:09+08:00 ] ::1 /admin.php/Index/assets/js/ace-extra.min.js
ERR: 非法操作:assets

[ 2017-03-14T12:01:09+08:00 ] ::1 /admin.php/Index/assets/css/jquery.gritter.css
ERR: 非法操作:assets

[ 2017-03-14T12:01:09+08:00 ] ::1 /admin.php/Index/assets/css/font-Open-Sans.css
ERR: 非法操作:assets

[ 2017-03-14T12:01:09+08:00 ] ::1 /admin.php/Index/assets/css/ace.min.css
ERR: 非法操作:assets

[ 2017-03-14T12:01:09+08:00 ] ::1 /admin.php/Index/assets/js/jquery-2.0.3.min.js
ERR: 非法操作:assets

[ 2017-03-14T12:01:09+08:00 ] ::1 /admin.php/Index/assets/js/jquery.ui.touch-punch.min.js
ERR: 非法操作:assets

[ 2017-03-14T12:01:09+08:00 ] ::1 /admin.php/Index/assets/js/bootbox.min.js
ERR: 非法操作:assets

[ 2017-03-14T12:01:09+08:00 ] ::1 /admin.php/Index/assets/js/jquery-ui-1.10.3.custom.min.js
ERR: 非法操作:assets

[ 2017-03-14T12:01:09+08:00 ] ::1 /admin.php/Index/assets/js/bootstrap.min.js
ERR: 非法操作:assets

[ 2017-03-14T12:01:09+08:00 ] ::1 /admin.php/Index/assets/js/typeahead-bs2.min.js
ERR: 非法操作:assets

[ 2017-03-14T12:01:09+08:00 ] ::1 /admin.php/Index/assets/js/jquery-2.0.3.min.js
ERR: 非法操作:assets

[ 2017-03-14T12:01:09+08:00 ] ::1 /admin.php/Index/assets/js/jquery.easy-pie-chart.min.js
ERR: 非法操作:assets

[ 2017-03-14T12:01:09+08:00 ] ::1 /admin.php/Index/assets/js/jquery.gritter.min.js
ERR: 非法操作:assets

[ 2017-03-14T12:01:09+08:00 ] ::1 /admin.php/Index/assets/js/spin.min.js
ERR: 非法操作:assets

[ 2017-03-14T12:01:09+08:00 ] ::1 /admin.php/Index/assets/js/ace-elements.min.js
ERR: 非法操作:assets

[ 2017-03-14T12:01:09+08:00 ] ::1 /admin.php/Index/assets/js/ace.min.js
ERR: 非法操作:assets

[ 2017-03-14T12:01:09+08:00 ] ::1 /admin.php/Index/assets/js/jquery.mobile.custom.min.js
ERR: 非法操作:assets

[ 2017-03-14T12:01:09+08:00 ] ::1 /admin.php/Index/assets/js/bootstrap.min.js
ERR: 非法操作:assets

[ 2017-03-14T12:01:09+08:00 ] ::1 /admin.php/Index/assets/js/typeahead-bs2.min.js
ERR: 非法操作:assets

[ 2017-03-14T12:01:10+08:00 ] ::1 /admin.php/Index/assets/js/jquery-ui-1.10.3.custom.min.js
ERR: 非法操作:assets

[ 2017-03-14T12:01:10+08:00 ] ::1 /admin.php/Index/assets/js/jquery.ui.touch-punch.min.js
ERR: 非法操作:assets

[ 2017-03-14T12:01:10+08:00 ] ::1 /admin.php/Index/assets/js/bootbox.min.js
ERR: 非法操作:assets

[ 2017-03-14T12:01:10+08:00 ] ::1 /admin.php/Index/assets/js/jquery.easy-pie-chart.min.js
ERR: 非法操作:assets

[ 2017-03-14T12:01:10+08:00 ] ::1 /admin.php/Index/assets/js/jquery.gritter.min.js
ERR: 非法操作:assets

[ 2017-03-14T12:01:10+08:00 ] ::1 /admin.php/Index/assets/js/spin.min.js
ERR: 非法操作:assets

[ 2017-03-14T12:01:10+08:00 ] ::1 /admin.php/Index/assets/js/ace-elements.min.js
ERR: 非法操作:assets

[ 2017-03-14T12:01:10+08:00 ] ::1 /admin.php/Index/assets/js/ace.min.js
ERR: 非法操作:assets

[ 2017-03-14T12:06:03+08:00 ] ::1 /admin.php/Index/Admin.html
ERR: 非法操作:Admin

[ 2017-03-14T12:06:42+08:00 ] ::1 /admin.php/Index/Admin.html
ERR: 非法操作:Admin

[ 2017-03-14T14:51:48+08:00 ] ::1 /admin.php/Index/assets/css/bootstrap.min.css
ERR: 非法操作:assets

[ 2017-03-14T14:51:48+08:00 ] ::1 /admin.php/Index/assets/css/font-awesome.min.css
ERR: 非法操作:assets

[ 2017-03-14T14:51:48+08:00 ] ::1 /admin.php/Index/assets/css/ace-skins.min.css
ERR: 非法操作:assets

[ 2017-03-14T14:51:48+08:00 ] ::1 /admin.php/Index/assets/css/prettify.css
ERR: 非法操作:assets

[ 2017-03-14T14:51:48+08:00 ] ::1 /admin.php/Index/assets/css/font-Open-Sans.css
ERR: 非法操作:assets

[ 2017-03-14T14:51:48+08:00 ] ::1 /admin.php/Index/assets/js/ace-extra.min.js
ERR: 非法操作:assets

[ 2017-03-14T14:51:48+08:00 ] ::1 /admin.php/Index/assets/css/ace-rtl.min.css
ERR: 非法操作:assets

[ 2017-03-14T14:51:48+08:00 ] ::1 /admin.php/Index/assets/css/ace.min.css
ERR: 非法操作:assets

[ 2017-03-14T14:51:48+08:00 ] ::1 /admin.php/Index/assets/js/jquery-2.0.3.min.js
ERR: 非法操作:assets

[ 2017-03-14T14:51:48+08:00 ] ::1 /admin.php/Index/assets/js/ace-elements.min.js
ERR: 非法操作:assets

[ 2017-03-14T14:51:48+08:00 ] ::1 /admin.php/Index/assets/js/ace.min.js
ERR: 非法操作:assets

[ 2017-03-14T14:51:48+08:00 ] ::1 /admin.php/Index/assets/js/typeahead-bs2.min.js
ERR: 非法操作:assets

[ 2017-03-14T14:51:48+08:00 ] ::1 /admin.php/Index/assets/js/prettify.js
ERR: 非法操作:assets

[ 2017-03-14T14:51:48+08:00 ] ::1 /admin.php/Index/assets/js/bootstrap.min.js
ERR: 非法操作:assets

[ 2017-03-14T14:51:48+08:00 ] ::1 /admin.php/Index/assets/js/jquery-2.0.3.min.js
ERR: 非法操作:assets

[ 2017-03-14T14:51:48+08:00 ] ::1 /admin.php/Index/assets/js/jquery.mobile.custom.min.js
ERR: 非法操作:assets

[ 2017-03-14T14:51:48+08:00 ] ::1 /admin.php/Index/assets/js/bootstrap.min.js
ERR: 非法操作:assets

[ 2017-03-14T14:51:48+08:00 ] ::1 /admin.php/Index/assets/js/typeahead-bs2.min.js
ERR: 非法操作:assets

[ 2017-03-14T14:51:48+08:00 ] ::1 /admin.php/Index/assets/js/prettify.js
ERR: 非法操作:assets

[ 2017-03-14T14:51:48+08:00 ] ::1 /admin.php/Index/assets/js/ace-elements.min.js
ERR: 非法操作:assets

[ 2017-03-14T14:51:49+08:00 ] ::1 /admin.php/Index/assets/js/ace.min.js
ERR: 非法操作:assets

[ 2017-03-14T15:10:31+08:00 ] ::1 /admin.php/Index/assets/css/bootstrap.min.css
ERR: 非法操作:assets

[ 2017-03-14T15:10:31+08:00 ] ::1 /admin.php/Index/assets/css/ace-skins.min.css
ERR: 非法操作:assets

[ 2017-03-14T15:10:31+08:00 ] ::1 /admin.php/Index/assets/js/ace-extra.min.js
ERR: 非法操作:assets

[ 2017-03-14T15:10:31+08:00 ] ::1 /admin.php/Index/assets/css/font-awesome.min.css
ERR: 非法操作:assets

[ 2017-03-14T15:10:31+08:00 ] ::1 /admin.php/Index/assets/css/prettify.css
ERR: 非法操作:assets

[ 2017-03-14T15:10:31+08:00 ] ::1 /admin.php/Index/assets/css/font-Open-Sans.css
ERR: 非法操作:assets

[ 2017-03-14T15:10:31+08:00 ] ::1 /admin.php/Index/assets/css/ace.min.css
ERR: 非法操作:assets

[ 2017-03-14T15:10:31+08:00 ] ::1 /admin.php/Index/assets/css/ace-rtl.min.css
ERR: 非法操作:assets

[ 2017-03-14T15:10:31+08:00 ] ::1 /admin.php/Index/assets/js/jquery-2.0.3.min.js
ERR: 非法操作:assets

[ 2017-03-14T15:10:31+08:00 ] ::1 /admin.php/Index/assets/js/prettify.js
ERR: 非法操作:assets

[ 2017-03-14T15:10:31+08:00 ] ::1 /admin.php/Index/assets/js/typeahead-bs2.min.js
ERR: 非法操作:assets

[ 2017-03-14T15:10:31+08:00 ] ::1 /admin.php/Index/assets/js/ace.min.js
ERR: 非法操作:assets

[ 2017-03-14T15:10:31+08:00 ] ::1 /admin.php/Index/assets/js/ace-elements.min.js
ERR: 非法操作:assets

[ 2017-03-14T15:10:31+08:00 ] ::1 /admin.php/Index/assets/js/bootstrap.min.js
ERR: 非法操作:assets

[ 2017-03-14T15:10:31+08:00 ] ::1 /admin.php/Index/assets/js/jquery-2.0.3.min.js
ERR: 非法操作:assets

[ 2017-03-14T15:10:31+08:00 ] ::1 /admin.php/Index/assets/js/bootstrap.min.js
ERR: 非法操作:assets

[ 2017-03-14T15:10:31+08:00 ] ::1 /admin.php/Index/assets/js/typeahead-bs2.min.js
ERR: 非法操作:assets

[ 2017-03-14T15:10:32+08:00 ] ::1 /admin.php/Index/assets/js/prettify.js
ERR: 非法操作:assets

[ 2017-03-14T15:10:32+08:00 ] ::1 /admin.php/Index/assets/js/ace-elements.min.js
ERR: 非法操作:assets

[ 2017-03-14T15:10:32+08:00 ] ::1 /admin.php/Index/assets/js/ace.min.js
ERR: 非法操作:assets

[ 2017-03-14T15:54:57+08:00 ] ::1 /admin.php/Index/assets/css/bootstrap.min.css
ERR: 非法操作:assets

[ 2017-03-14T15:54:57+08:00 ] ::1 /admin.php/Index/assets/js/ace-extra.min.js
ERR: 非法操作:assets

[ 2017-03-14T15:54:57+08:00 ] ::1 /admin.php/Index/assets/css/font-awesome.min.css
ERR: 非法操作:assets

[ 2017-03-14T15:54:57+08:00 ] ::1 /admin.php/Index/assets/css/font-Open-Sans.css
ERR: 非法操作:assets

[ 2017-03-14T15:54:57+08:00 ] ::1 /admin.php/Index/assets/css/ace-rtl.min.css
ERR: 非法操作:assets

[ 2017-03-14T15:54:57+08:00 ] ::1 /admin.php/Index/assets/css/ace-skins.min.css
ERR: 非法操作:assets

[ 2017-03-14T15:54:57+08:00 ] ::1 /admin.php/Index/assets/css/ace.min.css
ERR: 非法操作:assets

[ 2017-03-14T15:54:58+08:00 ] ::1 /admin.php/Index/assets/js/jquery-2.0.3.min.js
ERR: 非法操作:assets

[ 2017-03-14T15:54:58+08:00 ] ::1 /admin.php/Index/assets/js/jquery-ui-1.10.3.custom.min.js
ERR: 非法操作:assets

[ 2017-03-14T15:54:58+08:00 ] ::1 /admin.php/Index/assets/js/bootstrap.min.js
ERR: 非法操作:assets

[ 2017-03-14T15:54:58+08:00 ] ::1 /admin.php/Index/assets/js/jquery.ui.touch-punch.min.js
ERR: 非法操作:assets

[ 2017-03-14T15:54:58+08:00 ] ::1 /admin.php/Index/assets/js/typeahead-bs2.min.js
ERR: 非法操作:assets

[ 2017-03-14T15:54:58+08:00 ] ::1 /admin.php/Index/assets/js/jquery.slimscroll.min.js
ERR: 非法操作:assets

[ 2017-03-14T15:54:58+08:00 ] ::1 /admin.php/Index/assets/js/jquery-2.0.3.min.js
ERR: 非法操作:assets

[ 2017-03-14T15:54:58+08:00 ] ::1 /admin.php/Index/assets/js/ace-elements.min.js
ERR: 非法操作:assets

[ 2017-03-14T15:54:58+08:00 ] ::1 /admin.php/Index/assets/js/ace.min.js
ERR: 非法操作:assets

[ 2017-03-14T15:54:58+08:00 ] ::1 /admin.php/Index/assets/js/bootstrap.min.js
ERR: 非法操作:assets

[ 2017-03-14T15:54:58+08:00 ] ::1 /admin.php/Index/assets/js/typeahead-bs2.min.js
ERR: 非法操作:assets

[ 2017-03-14T15:54:58+08:00 ] ::1 /admin.php/Index/assets/js/jquery-ui-1.10.3.custom.min.js
ERR: 非法操作:assets

[ 2017-03-14T15:54:58+08:00 ] ::1 /admin.php/Index/assets/js/jquery.ui.touch-punch.min.js
ERR: 非法操作:assets

[ 2017-03-14T15:54:58+08:00 ] ::1 /admin.php/Index/assets/js/jquery.slimscroll.min.js
ERR: 非法操作:assets

[ 2017-03-14T15:54:58+08:00 ] ::1 /admin.php/Index/assets/js/ace-elements.min.js
ERR: 非法操作:assets

[ 2017-03-14T15:54:58+08:00 ] ::1 /admin.php/Index/assets/js/ace.min.js
ERR: 非法操作:assets

[ 2017-03-14T15:55:11+08:00 ] ::1 /admin.php/Index/blank.html
ERR: 非法操作:blank

[ 2017-03-14T17:57:14+08:00 ] ::1 /admin.php/Index/assets/css/bootstrap.min.css
ERR: 非法操作:assets

[ 2017-03-14T17:57:14+08:00 ] ::1 /admin.php/Index/assets/css/ace-rtl.min.css
ERR: 非法操作:assets

[ 2017-03-14T17:57:14+08:00 ] ::1 /admin.php/Index/assets/css/font-awesome.min.css
ERR: 非法操作:assets

[ 2017-03-14T17:57:14+08:00 ] ::1 /admin.php/Index/assets/css/jquery-ui-1.10.3.custom.min.css
ERR: 非法操作:assets

[ 2017-03-14T17:57:14+08:00 ] ::1 /admin.php/Index/assets/css/jquery.gritter.css
ERR: 非法操作:assets

[ 2017-03-14T17:57:14+08:00 ] ::1 /admin.php/Index/assets/css/ace-skins.min.css
ERR: 非法操作:assets

[ 2017-03-14T17:57:14+08:00 ] ::1 /admin.php/Index/assets/js/ace-extra.min.js
ERR: 非法操作:assets

[ 2017-03-14T17:57:14+08:00 ] ::1 /admin.php/Index/assets/css/font-Open-Sans.css
ERR: 非法操作:assets

[ 2017-03-14T17:57:14+08:00 ] ::1 /admin.php/Index/assets/css/ace.min.css
ERR: 非法操作:assets

[ 2017-03-14T17:57:14+08:00 ] ::1 /admin.php/Index/assets/js/jquery-2.0.3.min.js
ERR: 非法操作:assets

[ 2017-03-14T17:57:14+08:00 ] ::1 /admin.php/Index/assets/js/jquery.ui.touch-punch.min.js
ERR: 非法操作:assets

[ 2017-03-14T17:57:14+08:00 ] ::1 /admin.php/Index/assets/js/bootbox.min.js
ERR: 非法操作:assets

[ 2017-03-14T17:57:15+08:00 ] ::1 /admin.php/Index/assets/js/typeahead-bs2.min.js
ERR: 非法操作:assets

[ 2017-03-14T17:57:15+08:00 ] ::1 /admin.php/Index/assets/js/bootstrap.min.js
ERR: 非法操作:assets

[ 2017-03-14T17:57:15+08:00 ] ::1 /admin.php/Index/assets/js/jquery-ui-1.10.3.custom.min.js
ERR: 非法操作:assets

[ 2017-03-14T17:57:15+08:00 ] ::1 /admin.php/Index/assets/js/jquery-2.0.3.min.js
ERR: 非法操作:assets

[ 2017-03-14T17:57:15+08:00 ] ::1 /admin.php/Index/assets/js/jquery.easy-pie-chart.min.js
ERR: 非法操作:assets

[ 2017-03-14T17:57:15+08:00 ] ::1 /admin.php/Index/assets/js/spin.min.js
ERR: 非法操作:assets

[ 2017-03-14T17:57:15+08:00 ] ::1 /admin.php/Index/assets/js/jquery.gritter.min.js
ERR: 非法操作:assets

[ 2017-03-14T17:57:15+08:00 ] ::1 /admin.php/Index/assets/js/ace-elements.min.js
ERR: 非法操作:assets

[ 2017-03-14T17:57:15+08:00 ] ::1 /admin.php/Index/assets/js/ace.min.js
ERR: 非法操作:assets

[ 2017-03-14T17:57:15+08:00 ] ::1 /admin.php/Index/assets/js/jquery-2.0.3.min.js
ERR: 非法操作:assets

[ 2017-03-14T17:57:15+08:00 ] ::1 /admin.php/Index/assets/js/bootstrap.min.js
ERR: 非法操作:assets

[ 2017-03-14T17:57:15+08:00 ] ::1 /admin.php/Index/assets/js/typeahead-bs2.min.js
ERR: 非法操作:assets

[ 2017-03-14T17:57:15+08:00 ] ::1 /admin.php/Index/assets/js/jquery-ui-1.10.3.custom.min.js
ERR: 非法操作:assets

[ 2017-03-14T17:57:15+08:00 ] ::1 /admin.php/Index/assets/js/jquery.ui.touch-punch.min.js
ERR: 非法操作:assets

[ 2017-03-14T17:57:15+08:00 ] ::1 /admin.php/Index/assets/js/bootbox.min.js
ERR: 非法操作:assets

[ 2017-03-14T17:57:15+08:00 ] ::1 /admin.php/Index/assets/js/jquery.easy-pie-chart.min.js
ERR: 非法操作:assets

[ 2017-03-14T17:57:15+08:00 ] ::1 /admin.php/Index/assets/js/jquery.gritter.min.js
ERR: 非法操作:assets

[ 2017-03-14T17:57:15+08:00 ] ::1 /admin.php/Index/assets/js/spin.min.js
ERR: 非法操作:assets

[ 2017-03-14T17:57:15+08:00 ] ::1 /admin.php/Index/assets/js/ace-elements.min.js
ERR: 非法操作:assets

[ 2017-03-14T17:57:15+08:00 ] ::1 /admin.php/Index/assets/js/ace.min.js
ERR: 非法操作:assets

[ 2017-03-14T17:57:24+08:00 ] ::1 /admin.php/Index/assets/css/bootstrap.min.css
ERR: 非法操作:assets

[ 2017-03-14T17:57:24+08:00 ] ::1 /admin.php/Index/assets/css/ace-rtl.min.css
ERR: 非法操作:assets

[ 2017-03-14T17:57:24+08:00 ] ::1 /admin.php/Index/assets/css/ace-skins.min.css
ERR: 非法操作:assets

[ 2017-03-14T17:57:24+08:00 ] ::1 /admin.php/Index/assets/css/font-Open-Sans.css
ERR: 非法操作:assets

[ 2017-03-14T17:57:24+08:00 ] ::1 /admin.php/Index/assets/css/font-awesome.min.css
ERR: 非法操作:assets

[ 2017-03-14T17:57:25+08:00 ] ::1 /admin.php/Index/assets/css/ace.min.css
ERR: 非法操作:assets

[ 2017-03-14T17:57:25+08:00 ] ::1 /admin.php/Index/assets/js/ace-extra.min.js
ERR: 非法操作:assets

[ 2017-03-14T17:57:25+08:00 ] ::1 /admin.php/Index/assets/js/jquery-2.0.3.min.js
ERR: 非法操作:assets

[ 2017-03-14T17:57:25+08:00 ] ::1 /admin.php/Index/assets/js/bootstrap.min.js
ERR: 非法操作:assets

[ 2017-03-14T17:57:25+08:00 ] ::1 /admin.php/Index/assets/js/ace-elements.min.js
ERR: 非法操作:assets

[ 2017-03-14T17:57:25+08:00 ] ::1 /admin.php/Index/assets/js/fuelux/data/fuelux.tree-sampledata.js
ERR: 非法操作:assets

[ 2017-03-14T17:57:25+08:00 ] ::1 /admin.php/Index/assets/js/fuelux/fuelux.tree.min.js
ERR: 非法操作:assets

[ 2017-03-14T17:57:25+08:00 ] ::1 /admin.php/Index/assets/js/typeahead-bs2.min.js
ERR: 非法操作:assets

[ 2017-03-14T17:57:25+08:00 ] ::1 /admin.php/Index/assets/js/jquery-2.0.3.min.js
ERR: 非法操作:assets

[ 2017-03-14T17:57:25+08:00 ] ::1 /admin.php/Index/assets/js/ace.min.js
ERR: 非法操作:assets

[ 2017-03-14T17:57:25+08:00 ] ::1 /admin.php/Index/assets/js/bootstrap.min.js
ERR: 非法操作:assets

[ 2017-03-14T17:57:25+08:00 ] ::1 /admin.php/Index/assets/js/typeahead-bs2.min.js
ERR: 非法操作:assets

[ 2017-03-14T17:57:25+08:00 ] ::1 /admin.php/Index/assets/js/fuelux/data/fuelux.tree-sampledata.js
ERR: 非法操作:assets

[ 2017-03-14T17:57:25+08:00 ] ::1 /admin.php/Index/assets/js/fuelux/fuelux.tree.min.js
ERR: 非法操作:assets

[ 2017-03-14T17:57:25+08:00 ] ::1 /admin.php/Index/assets/js/ace-elements.min.js
ERR: 非法操作:assets

[ 2017-03-14T17:57:25+08:00 ] ::1 /admin.php/Index/assets/js/ace.min.js
ERR: 非法操作:assets

[ 2017-03-14T17:57:37+08:00 ] ::1 /admin.php/Index/assets/css/font-Open-Sans.css
ERR: 非法操作:assets

[ 2017-03-14T17:57:37+08:00 ] ::1 /admin.php/Index/assets/css/font-awesome.min.css
ERR: 非法操作:assets

[ 2017-03-14T17:57:37+08:00 ] ::1 /admin.php/Index/assets/css/ace.min.css
ERR: 非法操作:assets

[ 2017-03-14T17:57:37+08:00 ] ::1 /admin.php/Index/assets/css/bootstrap.min.css
ERR: 非法操作:assets

[ 2017-03-14T17:57:37+08:00 ] ::1 /admin.php/Index/assets/css/jquery-ui-1.10.3.full.min.css
ERR: 非法操作:assets

[ 2017-03-14T17:57:37+08:00 ] ::1 /admin.php/Index/assets/css/ace-rtl.min.css
ERR: 非法操作:assets

[ 2017-03-14T17:57:37+08:00 ] ::1 /admin.php/Index/assets/css/ace-skins.min.css
ERR: 非法操作:assets

[ 2017-03-14T17:57:37+08:00 ] ::1 /admin.php/Index/assets/js/ace-extra.min.js
ERR: 非法操作:assets

[ 2017-03-14T17:57:37+08:00 ] ::1 /admin.php/Index/assets/js/jquery-2.0.3.min.js
ERR: 非法操作:assets

[ 2017-03-14T17:57:37+08:00 ] ::1 /admin.php/Index/assets/js/ace-elements.min.js
ERR: 非法操作:assets

[ 2017-03-14T17:57:37+08:00 ] ::1 /admin.php/Index/assets/js/jquery-ui-1.10.3.full.min.js
ERR: 非法操作:assets

[ 2017-03-14T17:57:37+08:00 ] ::1 /admin.php/Index/assets/js/bootstrap.min.js
ERR: 非法操作:assets

[ 2017-03-14T17:57:37+08:00 ] ::1 /admin.php/Index/assets/js/jquery.ui.touch-punch.min.js
ERR: 非法操作:assets

[ 2017-03-14T17:57:37+08:00 ] ::1 /admin.php/Index/assets/js/typeahead-bs2.min.js
ERR: 非法操作:assets

[ 2017-03-14T17:57:37+08:00 ] ::1 /admin.php/Index/assets/js/jquery-2.0.3.min.js
ERR: 非法操作:assets

[ 2017-03-14T17:57:37+08:00 ] ::1 /admin.php/Index/assets/js/ace.min.js
ERR: 非法操作:assets

[ 2017-03-14T17:57:37+08:00 ] ::1 /admin.php/Index/assets/js/bootstrap.min.js
ERR: 非法操作:assets

[ 2017-03-14T17:57:37+08:00 ] ::1 /admin.php/Index/assets/js/typeahead-bs2.min.js
ERR: 非法操作:assets

[ 2017-03-14T17:57:37+08:00 ] ::1 /admin.php/Index/assets/js/jquery-ui-1.10.3.full.min.js
ERR: 非法操作:assets

[ 2017-03-14T17:57:37+08:00 ] ::1 /admin.php/Index/assets/js/jquery.ui.touch-punch.min.js
ERR: 非法操作:assets

[ 2017-03-14T17:57:38+08:00 ] ::1 /admin.php/Index/assets/js/ace-elements.min.js
ERR: 非法操作:assets

[ 2017-03-14T17:57:38+08:00 ] ::1 /admin.php/Index/assets/js/ace.min.js
ERR: 非法操作:assets

[ 2017-03-14T17:57:44+08:00 ] ::1 /admin.php/Index/assets/css/ace.min.css
ERR: 非法操作:assets

[ 2017-03-14T17:57:44+08:00 ] ::1 /admin.php/Index/assets/css/font-awesome.min.css
ERR: 非法操作:assets

[ 2017-03-14T17:57:44+08:00 ] ::1 /admin.php/Index/assets/css/bootstrap.min.css
ERR: 非法操作:assets

[ 2017-03-14T17:57:44+08:00 ] ::1 /admin.php/Index/assets/css/font-Open-Sans.css
ERR: 非法操作:assets

[ 2017-03-14T17:57:44+08:00 ] ::1 /admin.php/Index/assets/css/ace-skins.min.css
ERR: 非法操作:assets

[ 2017-03-14T17:57:44+08:00 ] ::1 /admin.php/Index/assets/css/ace-rtl.min.css
ERR: 非法操作:assets

[ 2017-03-14T17:57:44+08:00 ] ::1 /admin.php/Index/assets/js/ace-extra.min.js
ERR: 非法操作:assets

[ 2017-03-14T17:57:44+08:00 ] ::1 /admin.php/Index/assets/js/jquery-2.0.3.min.js
ERR: 非法操作:assets

[ 2017-03-14T17:57:44+08:00 ] ::1 /admin.php/Index/assets/js/ace.min.js
ERR: 非法操作:assets

[ 2017-03-14T17:57:44+08:00 ] ::1 /admin.php/Index/assets/js/bootstrap.min.js
ERR: 非法操作:assets

[ 2017-03-14T17:57:44+08:00 ] ::1 /admin.php/Index/assets/js/ace-elements.min.js
ERR: 非法操作:assets

[ 2017-03-14T17:57:44+08:00 ] ::1 /admin.php/Index/assets/js/typeahead-bs2.min.js
ERR: 非法操作:assets

[ 2017-03-14T17:57:44+08:00 ] ::1 /admin.php/Index/assets/js/jquery.nestable.min.js
ERR: 非法操作:assets

[ 2017-03-14T17:57:44+08:00 ] ::1 /admin.php/Index/assets/js/jquery-2.0.3.min.js
ERR: 非法操作:assets

[ 2017-03-14T17:57:44+08:00 ] ::1 /admin.php/Index/assets/js/bootstrap.min.js
ERR: 非法操作:assets

[ 2017-03-14T17:57:44+08:00 ] ::1 /admin.php/Index/assets/js/typeahead-bs2.min.js
ERR: 非法操作:assets

[ 2017-03-14T17:57:44+08:00 ] ::1 /admin.php/Index/assets/js/jquery.nestable.min.js
ERR: 非法操作:assets

[ 2017-03-14T17:57:44+08:00 ] ::1 /admin.php/Index/assets/js/ace-elements.min.js
ERR: 非法操作:assets

[ 2017-03-14T17:57:45+08:00 ] ::1 /admin.php/Index/assets/js/ace.min.js
ERR: 非法操作:assets

[ 2017-03-14T17:58:23+08:00 ] ::1 /admin.php/Index/assets/css/font-Open-Sans.css
ERR: 非法操作:assets

[ 2017-03-14T17:58:23+08:00 ] ::1 /admin.php/Index/assets/css/font-awesome.min.css
ERR: 非法操作:assets

[ 2017-03-14T17:58:23+08:00 ] ::1 /admin.php/Index/assets/css/ace.min.css
ERR: 非法操作:assets

[ 2017-03-14T17:58:23+08:00 ] ::1 /admin.php/Index/assets/css/ace-skins.min.css
ERR: 非法操作:assets

[ 2017-03-14T17:58:23+08:00 ] ::1 /admin.php/Index/assets/css/bootstrap.min.css
ERR: 非法操作:assets

[ 2017-03-14T17:58:23+08:00 ] ::1 /admin.php/Index/assets/css/ace-rtl.min.css
ERR: 非法操作:assets

[ 2017-03-14T17:58:23+08:00 ] ::1 /admin.php/Index/assets/js/ace-extra.min.js
ERR: 非法操作:assets

[ 2017-03-14T17:58:23+08:00 ] ::1 /admin.php/Index/assets/js/jquery-2.0.3.min.js
ERR: 非法操作:assets

[ 2017-03-14T17:58:23+08:00 ] ::1 /admin.php/Index/assets/js/bootstrap.min.js
ERR: 非法操作:assets

[ 2017-03-14T17:58:23+08:00 ] ::1 /admin.php/Index/assets/js/jquery.ui.touch-punch.min.js
ERR: 非法操作:assets

[ 2017-03-14T17:58:23+08:00 ] ::1 /admin.php/Index/assets/js/jquery-ui-1.10.3.custom.min.js
ERR: 非法操作:assets

[ 2017-03-14T17:58:23+08:00 ] ::1 /admin.php/Index/assets/js/jquery.slimscroll.min.js
ERR: 非法操作:assets

[ 2017-03-14T17:58:23+08:00 ] ::1 /admin.php/Index/assets/js/typeahead-bs2.min.js
ERR: 非法操作:assets

[ 2017-03-14T17:58:23+08:00 ] ::1 /admin.php/Index/assets/js/jquery-2.0.3.min.js
ERR: 非法操作:assets

[ 2017-03-14T17:58:23+08:00 ] ::1 /admin.php/Index/assets/js/ace-elements.min.js
ERR: 非法操作:assets

[ 2017-03-14T17:58:23+08:00 ] ::1 /admin.php/Index/assets/js/ace.min.js
ERR: 非法操作:assets

[ 2017-03-14T17:58:23+08:00 ] ::1 /admin.php/Index/assets/js/bootstrap.min.js
ERR: 非法操作:assets

[ 2017-03-14T17:58:23+08:00 ] ::1 /admin.php/Index/assets/js/typeahead-bs2.min.js
ERR: 非法操作:assets

[ 2017-03-14T17:58:23+08:00 ] ::1 /admin.php/Index/assets/js/jquery-ui-1.10.3.custom.min.js
ERR: 非法操作:assets

[ 2017-03-14T17:58:23+08:00 ] ::1 /admin.php/Index/assets/js/jquery.ui.touch-punch.min.js
ERR: 非法操作:assets

[ 2017-03-14T17:58:23+08:00 ] ::1 /admin.php/Index/assets/js/jquery.slimscroll.min.js
ERR: 非法操作:assets

[ 2017-03-14T17:58:23+08:00 ] ::1 /admin.php/Index/assets/js/ace-elements.min.js
ERR: 非法操作:assets

[ 2017-03-14T17:58:24+08:00 ] ::1 /admin.php/Index/assets/js/ace.min.js
ERR: 非法操作:assets

[ 2017-03-14T17:58:59+08:00 ] ::1 /admin.php/Index/assets/css/ace.min.css
ERR: 非法操作:assets

[ 2017-03-14T17:58:59+08:00 ] ::1 /admin.php/Index/assets/css/font-awesome.min.css
ERR: 非法操作:assets

[ 2017-03-14T17:58:59+08:00 ] ::1 /admin.php/Index/assets/css/ace-skins.min.css
ERR: 非法操作:assets

[ 2017-03-14T17:58:59+08:00 ] ::1 /admin.php/Index/assets/css/bootstrap.min.css
ERR: 非法操作:assets

[ 2017-03-14T17:58:59+08:00 ] ::1 /admin.php/Index/assets/css/font-Open-Sans.css
ERR: 非法操作:assets

[ 2017-03-14T17:58:59+08:00 ] ::1 /admin.php/Index/assets/css/ace-rtl.min.css
ERR: 非法操作:assets

[ 2017-03-14T17:58:59+08:00 ] ::1 /admin.php/Index/assets/js/ace-extra.min.js
ERR: 非法操作:assets

[ 2017-03-14T17:58:59+08:00 ] ::1 /admin.php/Index/assets/js/jquery-2.0.3.min.js
ERR: 非法操作:assets

[ 2017-03-14T17:58:59+08:00 ] ::1 /admin.php/Index/assets/js/jquery.ui.touch-punch.min.js
ERR: 非法操作:assets

[ 2017-03-14T17:58:59+08:00 ] ::1 /admin.php/Index/assets/js/typeahead-bs2.min.js
ERR: 非法操作:assets

[ 2017-03-14T17:58:59+08:00 ] ::1 /admin.php/Index/assets/js/jquery.slimscroll.min.js
ERR: 非法操作:assets

[ 2017-03-14T17:58:59+08:00 ] ::1 /admin.php/Index/assets/js/bootstrap.min.js
ERR: 非法操作:assets

[ 2017-03-14T17:58:59+08:00 ] ::1 /admin.php/Index/assets/js/jquery-ui-1.10.3.custom.min.js
ERR: 非法操作:assets

[ 2017-03-14T17:58:59+08:00 ] ::1 /admin.php/Index/assets/js/jquery-2.0.3.min.js
ERR: 非法操作:assets

[ 2017-03-14T17:58:59+08:00 ] ::1 /admin.php/Index/assets/js/ace-elements.min.js
ERR: 非法操作:assets

[ 2017-03-14T17:58:59+08:00 ] ::1 /admin.php/Index/assets/js/ace.min.js
ERR: 非法操作:assets

[ 2017-03-14T17:58:59+08:00 ] ::1 /admin.php/Index/assets/js/bootstrap.min.js
ERR: 非法操作:assets

[ 2017-03-14T17:58:59+08:00 ] ::1 /admin.php/Index/assets/js/typeahead-bs2.min.js
ERR: 非法操作:assets

[ 2017-03-14T17:58:59+08:00 ] ::1 /admin.php/Index/assets/js/jquery-ui-1.10.3.custom.min.js
ERR: 非法操作:assets

[ 2017-03-14T17:58:59+08:00 ] ::1 /admin.php/Index/assets/js/jquery.ui.touch-punch.min.js
ERR: 非法操作:assets

[ 2017-03-14T17:58:59+08:00 ] ::1 /admin.php/Index/assets/js/jquery.slimscroll.min.js
ERR: 非法操作:assets

[ 2017-03-14T17:58:59+08:00 ] ::1 /admin.php/Index/assets/js/ace-elements.min.js
ERR: 非法操作:assets

[ 2017-03-14T17:58:59+08:00 ] ::1 /admin.php/Index/assets/js/ace.min.js
ERR: 非法操作:assets

[ 2017-03-14T17:59:06+08:00 ] ::1 /admin.php/Index/assets/css/jquery.gritter.css
ERR: 非法操作:assets

[ 2017-03-14T17:59:06+08:00 ] ::1 /admin.php/Index/assets/css/bootstrap-editable.css
ERR: 非法操作:assets

[ 2017-03-14T17:59:06+08:00 ] ::1 /admin.php/Index/assets/css/bootstrap.min.css
ERR: 非法操作:assets

[ 2017-03-14T17:59:06+08:00 ] ::1 /admin.php/Index/assets/css/font-awesome.min.css
ERR: 非法操作:assets

[ 2017-03-14T17:59:06+08:00 ] ::1 /admin.php/Index/assets/css/select2.css
ERR: 非法操作:assets

[ 2017-03-14T17:59:06+08:00 ] ::1 /admin.php/Index/assets/css/jquery-ui-1.10.3.custom.min.css
ERR: 非法操作:assets

[ 2017-03-14T17:59:06+08:00 ] ::1 /admin.php/Index/assets/css/font-Open-Sans.css
ERR: 非法操作:assets

[ 2017-03-14T17:59:06+08:00 ] ::1 /admin.php/Index/assets/css/ace.min.css
ERR: 非法操作:assets

[ 2017-03-14T17:59:06+08:00 ] ::1 /admin.php/Index/assets/css/ace-rtl.min.css
ERR: 非法操作:assets

[ 2017-03-14T17:59:06+08:00 ] ::1 /admin.php/Index/assets/css/ace-skins.min.css
ERR: 非法操作:assets

[ 2017-03-14T17:59:06+08:00 ] ::1 /admin.php/Index/assets/js/ace-extra.min.js
ERR: 非法操作:assets

[ 2017-03-14T17:59:06+08:00 ] ::1 /admin.php/Index/assets/js/jquery-2.0.3.min.js
ERR: 非法操作:assets

[ 2017-03-14T17:59:06+08:00 ] ::1 /admin.php/Index/assets/js/bootstrap.min.js
ERR: 非法操作:assets

[ 2017-03-14T17:59:06+08:00 ] ::1 /admin.php/Index/assets/js/jquery.ui.touch-punch.min.js
ERR: 非法操作:assets

[ 2017-03-14T17:59:06+08:00 ] ::1 /admin.php/Index/assets/js/jquery.gritter.min.js
ERR: 非法操作:assets

[ 2017-03-14T17:59:06+08:00 ] ::1 /admin.php/Index/assets/js/typeahead-bs2.min.js
ERR: 非法操作:assets

[ 2017-03-14T17:59:06+08:00 ] ::1 /admin.php/Index/assets/js/jquery-ui-1.10.3.custom.min.js
ERR: 非法操作:assets

[ 2017-03-14T17:59:06+08:00 ] ::1 /admin.php/Index/assets/js/bootbox.min.js
ERR: 非法操作:assets

[ 2017-03-14T17:59:06+08:00 ] ::1 /admin.php/Index/assets/js/jquery-2.0.3.min.js
ERR: 非法操作:assets

[ 2017-03-14T17:59:06+08:00 ] ::1 /admin.php/Index/assets/js/jquery.slimscroll.min.js
ERR: 非法操作:assets

[ 2017-03-14T17:59:06+08:00 ] ::1 /admin.php/Index/assets/js/jquery.easy-pie-chart.min.js
ERR: 非法操作:assets

[ 2017-03-14T17:59:06+08:00 ] ::1 /admin.php/Index/assets/js/jquery.hotkeys.min.js
ERR: 非法操作:assets

[ 2017-03-14T17:59:06+08:00 ] ::1 /admin.php/Index/assets/js/bootstrap-wysiwyg.min.js
ERR: 非法操作:assets

[ 2017-03-14T17:59:06+08:00 ] ::1 /admin.php/Index/assets/js/select2.min.js
ERR: 非法操作:assets

[ 2017-03-14T17:59:06+08:00 ] ::1 /admin.php/Index/assets/js/date-time/bootstrap-datepicker.min.js
ERR: 非法操作:assets

[ 2017-03-14T17:59:06+08:00 ] ::1 /admin.php/Index/assets/js/bootstrap.min.js
ERR: 非法操作:assets

[ 2017-03-14T17:59:06+08:00 ] ::1 /admin.php/Index/assets/js/fuelux/fuelux.spinner.min.js
ERR: 非法操作:assets

[ 2017-03-14T17:59:06+08:00 ] ::1 /admin.php/Index/assets/js/x-editable/bootstrap-editable.min.js
ERR: 非法操作:assets

[ 2017-03-14T17:59:06+08:00 ] ::1 /admin.php/Index/assets/js/x-editable/ace-editable.min.js
ERR: 非法操作:assets

[ 2017-03-14T17:59:06+08:00 ] ::1 /admin.php/Index/assets/js/jquery.maskedinput.min.js
ERR: 非法操作:assets

[ 2017-03-14T17:59:06+08:00 ] ::1 /admin.php/Index/assets/js/ace-elements.min.js
ERR: 非法操作:assets

[ 2017-03-14T17:59:07+08:00 ] ::1 /admin.php/Index/assets/js/ace.min.js
ERR: 非法操作:assets

[ 2017-03-14T17:59:07+08:00 ] ::1 /admin.php/Index/assets/js/typeahead-bs2.min.js
ERR: 非法操作:assets

[ 2017-03-14T17:59:07+08:00 ] ::1 /admin.php/Index/assets/js/jquery-ui-1.10.3.custom.min.js
ERR: 非法操作:assets

[ 2017-03-14T17:59:07+08:00 ] ::1 /admin.php/Index/assets/js/jquery.ui.touch-punch.min.js
ERR: 非法操作:assets

[ 2017-03-14T17:59:07+08:00 ] ::1 /admin.php/Index/assets/js/jquery.gritter.min.js
ERR: 非法操作:assets

[ 2017-03-14T17:59:07+08:00 ] ::1 /admin.php/Index/assets/js/bootbox.min.js
ERR: 非法操作:assets

[ 2017-03-14T17:59:07+08:00 ] ::1 /admin.php/Index/assets/js/jquery.slimscroll.min.js
ERR: 非法操作:assets

[ 2017-03-14T17:59:07+08:00 ] ::1 /admin.php/Index/assets/js/jquery.easy-pie-chart.min.js
ERR: 非法操作:assets

[ 2017-03-14T17:59:07+08:00 ] ::1 /admin.php/Index/assets/js/jquery.hotkeys.min.js
ERR: 非法操作:assets

[ 2017-03-14T17:59:07+08:00 ] ::1 /admin.php/Index/assets/js/bootstrap-wysiwyg.min.js
ERR: 非法操作:assets

[ 2017-03-14T17:59:07+08:00 ] ::1 /admin.php/Index/assets/js/select2.min.js
ERR: 非法操作:assets

[ 2017-03-14T17:59:07+08:00 ] ::1 /admin.php/Index/assets/js/date-time/bootstrap-datepicker.min.js
ERR: 非法操作:assets

[ 2017-03-14T17:59:07+08:00 ] ::1 /admin.php/Index/assets/js/fuelux/fuelux.spinner.min.js
ERR: 非法操作:assets

[ 2017-03-14T17:59:07+08:00 ] ::1 /admin.php/Index/assets/js/x-editable/bootstrap-editable.min.js
ERR: 非法操作:assets

[ 2017-03-14T17:59:08+08:00 ] ::1 /admin.php/Index/assets/js/x-editable/ace-editable.min.js
ERR: 非法操作:assets

[ 2017-03-14T17:59:08+08:00 ] ::1 /admin.php/Index/assets/js/jquery.maskedinput.min.js
ERR: 非法操作:assets

[ 2017-03-14T17:59:08+08:00 ] ::1 /admin.php/Index/assets/js/ace-elements.min.js
ERR: 非法操作:assets

[ 2017-03-14T17:59:08+08:00 ] ::1 /admin.php/Index/assets/js/ace.min.js
ERR: 非法操作:assets

[ 2017-03-14T17:59:13+08:00 ] ::1 /admin.php/Index/assets/css/ace.min.css
ERR: 非法操作:assets

[ 2017-03-14T17:59:13+08:00 ] ::1 /admin.php/Index/assets/css/ace-rtl.min.css
ERR: 非法操作:assets

[ 2017-03-14T17:59:13+08:00 ] ::1 /admin.php/Index/assets/css/font-Open-Sans.css
ERR: 非法操作:assets

[ 2017-03-14T17:59:13+08:00 ] ::1 /admin.php/Index/assets/css/colorbox.css
ERR: 非法操作:assets

[ 2017-03-14T17:59:13+08:00 ] ::1 /admin.php/Index/assets/css/font-awesome.min.css
ERR: 非法操作:assets

[ 2017-03-14T17:59:13+08:00 ] ::1 /admin.php/Index/assets/css/bootstrap.min.css
ERR: 非法操作:assets

[ 2017-03-14T17:59:13+08:00 ] ::1 /admin.php/Index/assets/css/ace-skins.min.css
ERR: 非法操作:assets

[ 2017-03-14T17:59:13+08:00 ] ::1 /admin.php/Index/assets/js/ace-extra.min.js
ERR: 非法操作:assets

[ 2017-03-14T17:59:13+08:00 ] ::1 /admin.php/Index/assets/js/jquery-2.0.3.min.js
ERR: 非法操作:assets

[ 2017-03-14T17:59:13+08:00 ] ::1 /admin.php/Index/assets/js/bootstrap.min.js
ERR: 非法操作:assets

[ 2017-03-14T17:59:13+08:00 ] ::1 /admin.php/Index/assets/js/ace-elements.min.js
ERR: 非法操作:assets

[ 2017-03-14T17:59:13+08:00 ] ::1 /admin.php/Index/assets/js/jquery.colorbox-min.js
ERR: 非法操作:assets

[ 2017-03-14T17:59:13+08:00 ] ::1 /admin.php/Index/assets/js/typeahead-bs2.min.js
ERR: 非法操作:assets

[ 2017-03-14T17:59:13+08:00 ] ::1 /admin.php/Index/assets/js/ace.min.js
ERR: 非法操作:assets

[ 2017-03-14T17:59:13+08:00 ] ::1 /admin.php/Index/assets/js/jquery-2.0.3.min.js
ERR: 非法操作:assets

[ 2017-03-14T17:59:13+08:00 ] ::1 /admin.php/Index/assets/js/bootstrap.min.js
ERR: 非法操作:assets

[ 2017-03-14T17:59:13+08:00 ] ::1 /admin.php/Index/assets/js/typeahead-bs2.min.js
ERR: 非法操作:assets

[ 2017-03-14T17:59:14+08:00 ] ::1 /admin.php/Index/assets/js/jquery.colorbox-min.js
ERR: 非法操作:assets

[ 2017-03-14T17:59:14+08:00 ] ::1 /admin.php/Index/assets/js/ace-elements.min.js
ERR: 非法操作:assets

[ 2017-03-14T17:59:14+08:00 ] ::1 /admin.php/Index/assets/js/ace.min.js
ERR: 非法操作:assets

[ 2017-03-14T17:59:29+08:00 ] ::1 /admin.php/Index/assets/css/bootstrap.min.css
ERR: 非法操作:assets

[ 2017-03-14T17:59:29+08:00 ] ::1 /admin.php/Index/assets/css/font-awesome.min.css
ERR: 非法操作:assets

[ 2017-03-14T17:59:29+08:00 ] ::1 /admin.php/Index/assets/css/bootstrap-timepicker.css
ERR: 非法操作:assets

[ 2017-03-14T17:59:29+08:00 ] ::1 /admin.php/Index/assets/css/chosen.css
ERR: 非法操作:assets

[ 2017-03-14T17:59:29+08:00 ] ::1 /admin.php/Index/assets/css/jquery-ui-1.10.3.custom.min.css
ERR: 非法操作:assets

[ 2017-03-14T17:59:29+08:00 ] ::1 /admin.php/Index/assets/css/datepicker.css
ERR: 非法操作:assets

[ 2017-03-14T17:59:29+08:00 ] ::1 /admin.php/Index/assets/css/daterangepicker.css
ERR: 非法操作:assets

[ 2017-03-14T17:59:29+08:00 ] ::1 /admin.php/Index/assets/css/colorpicker.css
ERR: 非法操作:assets

[ 2017-03-14T17:59:29+08:00 ] ::1 /admin.php/Index/assets/css/font-Open-Sans.css
ERR: 非法操作:assets

[ 2017-03-14T17:59:29+08:00 ] ::1 /admin.php/Index/assets/css/ace.min.css
ERR: 非法操作:assets

[ 2017-03-14T17:59:29+08:00 ] ::1 /admin.php/Index/assets/css/ace-rtl.min.css
ERR: 非法操作:assets

[ 2017-03-14T17:59:29+08:00 ] ::1 /admin.php/Index/assets/css/ace-skins.min.css
ERR: 非法操作:assets

[ 2017-03-14T17:59:29+08:00 ] ::1 /admin.php/Index/assets/js/ace-extra.min.js
ERR: 非法操作:assets

[ 2017-03-14T17:59:29+08:00 ] ::1 /admin.php/Index/assets/js/jquery-2.0.3.min.js
ERR: 非法操作:assets

[ 2017-03-14T17:59:29+08:00 ] ::1 /admin.php/Index/assets/js/jquery-ui-1.10.3.custom.min.js
ERR: 非法操作:assets

[ 2017-03-14T17:59:29+08:00 ] ::1 /admin.php/Index/assets/js/jquery.autosize.min.js
ERR: 非法操作:assets

[ 2017-03-14T17:59:29+08:00 ] ::1 /admin.php/Index/assets/js/chosen.jquery.min.js
ERR: 非法操作:assets

[ 2017-03-14T17:59:29+08:00 ] ::1 /admin.php/Index/assets/js/bootstrap.min.js
ERR: 非法操作:assets

[ 2017-03-14T17:59:30+08:00 ] ::1 /admin.php/Index/assets/js/typeahead-bs2.min.js
ERR: 非法操作:assets

[ 2017-03-14T17:59:30+08:00 ] ::1 /admin.php/Index/assets/js/jquery-2.0.3.min.js
ERR: 非法操作:assets

[ 2017-03-14T17:59:30+08:00 ] ::1 /admin.php/Index/assets/js/jquery.maskedinput.min.js
ERR: 非法操作:assets

[ 2017-03-14T17:59:30+08:00 ] ::1 /admin.php/Index/assets/js/jquery.inputlimiter.1.3.1.min.js
ERR: 非法操作:assets

[ 2017-03-14T17:59:30+08:00 ] ::1 /admin.php/Index/assets/js/ace-elements.min.js
ERR: 非法操作:assets

[ 2017-03-14T17:59:30+08:00 ] ::1 /admin.php/Index/assets/js/ace.min.js
ERR: 非法操作:assets

[ 2017-03-14T17:59:30+08:00 ] ::1 /admin.php/Index/assets/js/bootstrap.min.js
ERR: 非法操作:assets

[ 2017-03-14T17:59:30+08:00 ] ::1 /admin.php/Index/assets/js/typeahead-bs2.min.js
ERR: 非法操作:assets

[ 2017-03-14T17:59:30+08:00 ] ::1 /admin.php/Index/assets/js/jquery-ui-1.10.3.custom.min.js
ERR: 非法操作:assets

[ 2017-03-14T17:59:30+08:00 ] ::1 /admin.php/Index/assets/js/chosen.jquery.min.js
ERR: 非法操作:assets

[ 2017-03-14T17:59:30+08:00 ] ::1 /admin.php/Index/assets/js/jquery.autosize.min.js
ERR: 非法操作:assets

[ 2017-03-14T17:59:30+08:00 ] ::1 /admin.php/Index/assets/js/jquery.inputlimiter.1.3.1.min.js
ERR: 非法操作:assets

[ 2017-03-14T17:59:30+08:00 ] ::1 /admin.php/Index/assets/js/jquery.maskedinput.min.js
ERR: 非法操作:assets

[ 2017-03-14T17:59:30+08:00 ] ::1 /admin.php/Index/assets/js/ace-elements.min.js
ERR: 非法操作:assets

[ 2017-03-14T17:59:30+08:00 ] ::1 /admin.php/Index/assets/js/ace.min.js
ERR: 非法操作:assets

[ 2017-03-14T18:01:13+08:00 ] ::1 /admin.php/Index/assets/css/ace-rtl.min.css
ERR: 非法操作:assets

[ 2017-03-14T18:01:13+08:00 ] ::1 /admin.php/Index/assets/css/ace.min.css
ERR: 非法操作:assets

[ 2017-03-14T18:01:13+08:00 ] ::1 /admin.php/Index/assets/css/font-awesome.min.css
ERR: 非法操作:assets

[ 2017-03-14T18:01:13+08:00 ] ::1 /admin.php/Index/assets/css/font-Open-Sans.css
ERR: 非法操作:assets

[ 2017-03-14T18:01:13+08:00 ] ::1 /admin.php/Index/assets/css/ace-skins.min.css
ERR: 非法操作:assets

[ 2017-03-14T18:01:13+08:00 ] ::1 /admin.php/Index/assets/css/bootstrap.min.css
ERR: 非法操作:assets

[ 2017-03-14T18:01:13+08:00 ] ::1 /admin.php/Index/assets/js/ace-extra.min.js
ERR: 非法操作:assets

[ 2017-03-14T18:01:13+08:00 ] ::1 /admin.php/Index/assets/js/jquery-2.0.3.min.js
ERR: 非法操作:assets

[ 2017-03-14T18:01:13+08:00 ] ::1 /admin.php/Index/assets/js/typeahead-bs2.min.js
ERR: 非法操作:assets

[ 2017-03-14T18:01:13+08:00 ] ::1 /admin.php/Index/assets/js/ace.min.js
ERR: 非法操作:assets

[ 2017-03-14T18:01:13+08:00 ] ::1 /admin.php/Index/assets/js/bootstrap.min.js
ERR: 非法操作:assets

[ 2017-03-14T18:01:13+08:00 ] ::1 /admin.php/Index/assets/js/ace-elements.min.js
ERR: 非法操作:assets

[ 2017-03-14T18:01:13+08:00 ] ::1 /admin.php/Index/assets/js/jquery-2.0.3.min.js
ERR: 非法操作:assets

[ 2017-03-14T18:01:13+08:00 ] ::1 /admin.php/Index/assets/js/bootstrap.min.js
ERR: 非法操作:assets

[ 2017-03-14T18:01:13+08:00 ] ::1 /admin.php/Index/assets/js/typeahead-bs2.min.js
ERR: 非法操作:assets

[ 2017-03-14T18:01:13+08:00 ] ::1 /admin.php/Index/assets/js/ace-elements.min.js
ERR: 非法操作:assets

[ 2017-03-14T18:01:13+08:00 ] ::1 /admin.php/Index/assets/js/ace.min.js
ERR: 非法操作:assets

[ 2017-03-14T18:01:20+08:00 ] ::1 /admin.php/Index/assets/css/ace-rtl.min.css
ERR: 非法操作:assets

[ 2017-03-14T18:01:20+08:00 ] ::1 /admin.php/Index/assets/css/font-awesome.min.css
ERR: 非法操作:assets

[ 2017-03-14T18:01:20+08:00 ] ::1 /admin.php/Index/assets/css/bootstrap.min.css
ERR: 非法操作:assets

[ 2017-03-14T18:01:20+08:00 ] ::1 /admin.php/Index/assets/css/ace-skins.min.css
ERR: 非法操作:assets

[ 2017-03-14T18:01:20+08:00 ] ::1 /admin.php/Index/assets/css/ace.min.css
ERR: 非法操作:assets

[ 2017-03-14T18:01:20+08:00 ] ::1 /admin.php/Index/assets/css/font-Open-Sans.css
ERR: 非法操作:assets

[ 2017-03-14T18:01:20+08:00 ] ::1 /admin.php/Index/assets/js/ace-extra.min.js
ERR: 非法操作:assets

[ 2017-03-14T18:01:20+08:00 ] ::1 /admin.php/Index/assets/js/jquery-2.0.3.min.js
ERR: 非法操作:assets

[ 2017-03-14T18:01:20+08:00 ] ::1 /admin.php/Index/assets/js/bootstrap.min.js
ERR: 非法操作:assets

[ 2017-03-14T18:01:20+08:00 ] ::1 /admin.php/Index/assets/js/ace.min.js
ERR: 非法操作:assets

[ 2017-03-14T18:01:20+08:00 ] ::1 /admin.php/Index/assets/js/ace-elements.min.js
ERR: 非法操作:assets

[ 2017-03-14T18:01:20+08:00 ] ::1 /admin.php/Index/assets/js/typeahead-bs2.min.js
ERR: 非法操作:assets

[ 2017-03-14T18:01:21+08:00 ] ::1 /admin.php/Index/assets/js/jquery-2.0.3.min.js
ERR: 非法操作:assets

[ 2017-03-14T18:01:21+08:00 ] ::1 /admin.php/Index/assets/js/bootstrap.min.js
ERR: 非法操作:assets

[ 2017-03-14T18:01:21+08:00 ] ::1 /admin.php/Index/assets/js/typeahead-bs2.min.js
ERR: 非法操作:assets

[ 2017-03-14T18:01:21+08:00 ] ::1 /admin.php/Index/assets/js/ace-elements.min.js
ERR: 非法操作:assets

[ 2017-03-14T18:01:21+08:00 ] ::1 /admin.php/Index/assets/js/ace.min.js
ERR: 非法操作:assets

[ 2017-03-14T18:01:24+08:00 ] ::1 /admin.php/Index/assets/css/bootstrap.min.css
ERR: 非法操作:assets

[ 2017-03-14T18:01:24+08:00 ] ::1 /admin.php/Index/assets/css/font-awesome.min.css
ERR: 非法操作:assets

[ 2017-03-14T18:01:24+08:00 ] ::1 /admin.php/Index/assets/css/jquery-ui-1.10.3.custom.min.css
ERR: 非法操作:assets

[ 2017-03-14T18:01:24+08:00 ] ::1 /admin.php/Index/assets/css/ace.min.css
ERR: 非法操作:assets

[ 2017-03-14T18:01:24+08:00 ] ::1 /admin.php/Index/assets/css/ace-rtl.min.css
ERR: 非法操作:assets

[ 2017-03-14T18:01:24+08:00 ] ::1 /admin.php/Index/assets/css/font-Open-Sans.css
ERR: 非法操作:assets

[ 2017-03-14T18:01:24+08:00 ] ::1 /admin.php/Index/assets/css/ace-skins.min.css
ERR: 非法操作:assets

[ 2017-03-14T18:01:24+08:00 ] ::1 /admin.php/Index/assets/js/ace-extra.min.js
ERR: 非法操作:assets

[ 2017-03-14T18:01:24+08:00 ] ::1 /admin.php/Index/assets/js/jquery-2.0.3.min.js
ERR: 非法操作:assets

[ 2017-03-14T18:01:24+08:00 ] ::1 /admin.php/Index/assets/js/jquery-ui-1.10.3.custom.min.js
ERR: 非法操作:assets

[ 2017-03-14T18:01:24+08:00 ] ::1 /admin.php/Index/assets/js/bootstrap.min.js
ERR: 非法操作:assets

[ 2017-03-14T18:01:24+08:00 ] ::1 /admin.php/Index/assets/js/jquery.slimscroll.min.js
ERR: 非法操作:assets

[ 2017-03-14T18:01:24+08:00 ] ::1 /admin.php/Index/assets/js/typeahead-bs2.min.js
ERR: 非法操作:assets

[ 2017-03-14T18:01:24+08:00 ] ::1 /admin.php/Index/assets/js/jquery.ui.touch-punch.min.js
ERR: 非法操作:assets

[ 2017-03-14T18:01:24+08:00 ] ::1 /admin.php/Index/assets/js/jquery-2.0.3.min.js
ERR: 非法操作:assets

[ 2017-03-14T18:01:24+08:00 ] ::1 /admin.php/Index/assets/js/ace-elements.min.js
ERR: 非法操作:assets

[ 2017-03-14T18:01:24+08:00 ] ::1 /admin.php/Index/assets/js/ace.min.js
ERR: 非法操作:assets

[ 2017-03-14T18:01:25+08:00 ] ::1 /admin.php/Index/assets/js/bootstrap.min.js
ERR: 非法操作:assets

[ 2017-03-14T18:01:25+08:00 ] ::1 /admin.php/Index/assets/js/typeahead-bs2.min.js
ERR: 非法操作:assets

[ 2017-03-14T18:01:25+08:00 ] ::1 /admin.php/Index/assets/js/jquery-ui-1.10.3.custom.min.js
ERR: 非法操作:assets

[ 2017-03-14T18:01:25+08:00 ] ::1 /admin.php/Index/assets/js/jquery.ui.touch-punch.min.js
ERR: 非法操作:assets

[ 2017-03-14T18:01:25+08:00 ] ::1 /admin.php/Index/assets/js/jquery.slimscroll.min.js
ERR: 非法操作:assets

[ 2017-03-14T18:01:25+08:00 ] ::1 /admin.php/Index/assets/js/ace-elements.min.js
ERR: 非法操作:assets

[ 2017-03-14T18:01:25+08:00 ] ::1 /admin.php/Index/assets/js/ace.min.js
ERR: 非法操作:assets

[ 2017-03-14T18:01:48+08:00 ] ::1 /admin.php/Index/assets/css/font-awesome.min.css
ERR: 非法操作:assets

[ 2017-03-14T18:01:48+08:00 ] ::1 /admin.php/Index/assets/css/ace-rtl.min.css
ERR: 非法操作:assets

[ 2017-03-14T18:01:48+08:00 ] ::1 /admin.php/Index/assets/css/font-Open-Sans.css
ERR: 非法操作:assets

[ 2017-03-14T18:01:48+08:00 ] ::1 /admin.php/Index/assets/css/ace.min.css
ERR: 非法操作:assets

[ 2017-03-14T18:01:48+08:00 ] ::1 /admin.php/Index/assets/css/ace-skins.min.css
ERR: 非法操作:assets

[ 2017-03-14T18:01:48+08:00 ] ::1 /admin.php/Index/assets/css/bootstrap.min.css
ERR: 非法操作:assets

[ 2017-03-14T18:01:48+08:00 ] ::1 /admin.php/Index/assets/js/ace-extra.min.js
ERR: 非法操作:assets

[ 2017-03-14T18:01:48+08:00 ] ::1 /admin.php/Index/assets/js/jquery-2.0.3.min.js
ERR: 非法操作:assets

[ 2017-03-14T18:01:48+08:00 ] ::1 /admin.php/Index/assets/js/typeahead-bs2.min.js
ERR: 非法操作:assets

[ 2017-03-14T18:01:48+08:00 ] ::1 /admin.php/Index/assets/js/jquery.ui.touch-punch.min.js
ERR: 非法操作:assets

[ 2017-03-14T18:01:48+08:00 ] ::1 /admin.php/Index/assets/js/jquery.slimscroll.min.js
ERR: 非法操作:assets

[ 2017-03-14T18:01:48+08:00 ] ::1 /admin.php/Index/assets/js/bootstrap.min.js
ERR: 非法操作:assets

[ 2017-03-14T18:01:48+08:00 ] ::1 /admin.php/Index/assets/js/jquery-ui-1.10.3.custom.min.js
ERR: 非法操作:assets

[ 2017-03-14T18:01:48+08:00 ] ::1 /admin.php/Index/assets/js/jquery-2.0.3.min.js
ERR: 非法操作:assets

[ 2017-03-14T18:01:48+08:00 ] ::1 /admin.php/Index/assets/js/ace-elements.min.js
ERR: 非法操作:assets

[ 2017-03-14T18:01:48+08:00 ] ::1 /admin.php/Index/assets/js/ace.min.js
ERR: 非法操作:assets

[ 2017-03-14T18:01:49+08:00 ] ::1 /admin.php/Index/assets/js/bootstrap.min.js
ERR: 非法操作:assets

[ 2017-03-14T18:01:49+08:00 ] ::1 /admin.php/Index/assets/js/typeahead-bs2.min.js
ERR: 非法操作:assets

[ 2017-03-14T18:01:49+08:00 ] ::1 /admin.php/Index/assets/js/jquery-ui-1.10.3.custom.min.js
ERR: 非法操作:assets

[ 2017-03-14T18:01:49+08:00 ] ::1 /admin.php/Index/assets/js/jquery.ui.touch-punch.min.js
ERR: 非法操作:assets

[ 2017-03-14T18:01:49+08:00 ] ::1 /admin.php/Index/assets/js/jquery.slimscroll.min.js
ERR: 非法操作:assets

[ 2017-03-14T18:01:49+08:00 ] ::1 /admin.php/Index/assets/js/ace-elements.min.js
ERR: 非法操作:assets

[ 2017-03-14T18:01:49+08:00 ] ::1 /admin.php/Index/assets/js/ace.min.js
ERR: 非法操作:assets

[ 2017-03-14T20:08:37+08:00 ] ::1 /admin.php/Index/assets/css/bootstrap.min.css
ERR: 非法操作:assets

[ 2017-03-14T20:08:37+08:00 ] ::1 /admin.php/Index/assets/js/ace-extra.min.js
ERR: 非法操作:assets

[ 2017-03-14T20:08:37+08:00 ] ::1 /admin.php/Index/assets/css/font-Open-Sans.css
ERR: 非法操作:assets

[ 2017-03-14T20:08:37+08:00 ] ::1 /admin.php/Index/assets/css/font-awesome.min.css
ERR: 非法操作:assets

[ 2017-03-14T20:08:37+08:00 ] ::1 /admin.php/Index/assets/css/ace.min.css
ERR: 非法操作:assets

[ 2017-03-14T20:08:37+08:00 ] ::1 /admin.php/Index/assets/css/ace-skins.min.css
ERR: 非法操作:assets

[ 2017-03-14T20:08:37+08:00 ] ::1 /admin.php/Index/assets/css/ace-rtl.min.css
ERR: 非法操作:assets

[ 2017-03-14T20:08:37+08:00 ] ::1 /admin.php/Index/assets/js/jquery-2.0.3.min.js
ERR: 非法操作:assets

[ 2017-03-14T20:08:37+08:00 ] ::1 /admin.php/Index/assets/js/jquery-ui-1.10.3.custom.min.js
ERR: 非法操作:assets

[ 2017-03-14T20:08:37+08:00 ] ::1 /admin.php/Index/assets/js/typeahead-bs2.min.js
ERR: 非法操作:assets

[ 2017-03-14T20:08:37+08:00 ] ::1 /admin.php/Index/assets/js/jquery.slimscroll.min.js
ERR: 非法操作:assets

[ 2017-03-14T20:08:37+08:00 ] ::1 /admin.php/Index/assets/js/jquery.ui.touch-punch.min.js
ERR: 非法操作:assets

[ 2017-03-14T20:08:37+08:00 ] ::1 /admin.php/Index/assets/js/bootstrap.min.js
ERR: 非法操作:assets

[ 2017-03-14T20:08:37+08:00 ] ::1 /admin.php/Index/assets/js/ace-elements.min.js
ERR: 非法操作:assets

[ 2017-03-14T20:08:37+08:00 ] ::1 /admin.php/Index/assets/js/jquery-2.0.3.min.js
ERR: 非法操作:assets

[ 2017-03-14T20:08:37+08:00 ] ::1 /admin.php/Index/assets/js/ace.min.js
ERR: 非法操作:assets

[ 2017-03-14T20:08:37+08:00 ] ::1 /admin.php/Index/assets/js/bootstrap.min.js
ERR: 非法操作:assets

[ 2017-03-14T20:08:37+08:00 ] ::1 /admin.php/Index/assets/js/typeahead-bs2.min.js
ERR: 非法操作:assets

[ 2017-03-14T20:08:38+08:00 ] ::1 /admin.php/Index/assets/js/jquery-ui-1.10.3.custom.min.js
ERR: 非法操作:assets

[ 2017-03-14T20:08:38+08:00 ] ::1 /admin.php/Index/assets/js/jquery.ui.touch-punch.min.js
ERR: 非法操作:assets

[ 2017-03-14T20:08:38+08:00 ] ::1 /admin.php/Index/assets/js/jquery.slimscroll.min.js
ERR: 非法操作:assets

[ 2017-03-14T20:08:38+08:00 ] ::1 /admin.php/Index/assets/js/ace-elements.min.js
ERR: 非法操作:assets

[ 2017-03-14T20:08:38+08:00 ] ::1 /admin.php/Index/assets/js/ace.min.js
ERR: 非法操作:assets

[ 2017-03-14T20:09:01+08:00 ] ::1 /admin.php/Index/assets/css/ace-rtl.min.css
ERR: 非法操作:assets

[ 2017-03-14T20:09:01+08:00 ] ::1 /admin.php/Index/assets/css/ace-skins.min.css
ERR: 非法操作:assets

[ 2017-03-14T20:09:01+08:00 ] ::1 /admin.php/Index/assets/css/font-awesome.min.css
ERR: 非法操作:assets

[ 2017-03-14T20:09:01+08:00 ] ::1 /admin.php/Index/assets/css/font-Open-Sans.css
ERR: 非法操作:assets

[ 2017-03-14T20:09:01+08:00 ] ::1 /admin.php/Index/assets/css/bootstrap.min.css
ERR: 非法操作:assets

[ 2017-03-14T20:09:01+08:00 ] ::1 /admin.php/Index/assets/css/ace.min.css
ERR: 非法操作:assets

[ 2017-03-14T20:09:01+08:00 ] ::1 /admin.php/Index/assets/js/ace-extra.min.js
ERR: 非法操作:assets

[ 2017-03-14T20:09:01+08:00 ] ::1 /admin.php/Index/assets/js/jquery-2.0.3.min.js
ERR: 非法操作:assets

[ 2017-03-14T20:09:01+08:00 ] ::1 /admin.php/Index/assets/js/typeahead-bs2.min.js
ERR: 非法操作:assets

[ 2017-03-14T20:09:01+08:00 ] ::1 /admin.php/Index/assets/js/jquery.dataTables.bootstrap.js
ERR: 非法操作:assets

[ 2017-03-14T20:09:01+08:00 ] ::1 /admin.php/Index/assets/js/bootstrap.min.js
ERR: 非法操作:assets

[ 2017-03-14T20:09:01+08:00 ] ::1 /admin.php/Index/assets/js/jquery.dataTables.min.js
ERR: 非法操作:assets

[ 2017-03-14T20:09:01+08:00 ] ::1 /admin.php/Index/assets/js/ace-elements.min.js
ERR: 非法操作:assets

[ 2017-03-14T20:09:02+08:00 ] ::1 /admin.php/Index/assets/js/ace.min.js
ERR: 非法操作:assets

[ 2017-03-14T20:09:02+08:00 ] ::1 /admin.php/Index/assets/js/jquery-2.0.3.min.js
ERR: 非法操作:assets

[ 2017-03-14T20:09:02+08:00 ] ::1 /admin.php/Index/assets/js/bootstrap.min.js
ERR: 非法操作:assets

[ 2017-03-14T20:09:02+08:00 ] ::1 /admin.php/Index/assets/js/typeahead-bs2.min.js
ERR: 非法操作:assets

[ 2017-03-14T20:09:02+08:00 ] ::1 /admin.php/Index/assets/js/jquery.dataTables.min.js
ERR: 非法操作:assets

[ 2017-03-14T20:09:02+08:00 ] ::1 /admin.php/Index/assets/js/jquery.dataTables.bootstrap.js
ERR: 非法操作:assets

[ 2017-03-14T20:09:02+08:00 ] ::1 /admin.php/Index/assets/js/ace-elements.min.js
ERR: 非法操作:assets

[ 2017-03-14T20:09:02+08:00 ] ::1 /admin.php/Index/assets/js/ace.min.js
ERR: 非法操作:assets

[ 2017-03-14T20:09:16+08:00 ] ::1 /admin.php/Index/assets/css/dropzone.css
ERR: 非法操作:assets

[ 2017-03-14T20:09:16+08:00 ] ::1 /admin.php/Index/assets/js/dropzone.min.js
ERR: 非法操作:assets

[ 2017-03-14T20:09:16+08:00 ] ::1 /admin.php/Index/assets/js/dropzone.min.js
ERR: 非法操作:assets

[ 2017-03-14T23:28:10+08:00 ] ::1 /admin.php/Index/assets/css/bootstrap.min.css
ERR: 非法操作:assets

[ 2017-03-14T23:28:10+08:00 ] ::1 /admin.php/Index/assets/css/ace-skins.min.css
ERR: 非法操作:assets

[ 2017-03-14T23:28:10+08:00 ] ::1 /admin.php/Index/assets/js/ace-extra.min.js
ERR: 非法操作:assets

[ 2017-03-14T23:28:10+08:00 ] ::1 /admin.php/Index/assets/css/jquery-ui-1.10.3.full.min.css
ERR: 非法操作:assets

[ 2017-03-14T23:28:10+08:00 ] ::1 /admin.php/Index/assets/css/ace-rtl.min.css
ERR: 非法操作:assets

[ 2017-03-14T23:28:10+08:00 ] ::1 /admin.php/Index/assets/css/ace.min.css
ERR: 非法操作:assets

[ 2017-03-14T23:28:10+08:00 ] ::1 /admin.php/Index/assets/css/font-awesome.min.css
ERR: 非法操作:assets

[ 2017-03-14T23:28:10+08:00 ] ::1 /admin.php/Index/assets/css/font-Open-Sans.css
ERR: 非法操作:assets

[ 2017-03-14T23:28:10+08:00 ] ::1 /admin.php/Index/assets/js/jquery-2.0.3.min.js
ERR: 非法操作:assets

[ 2017-03-14T23:28:10+08:00 ] ::1 /admin.php/Index/assets/js/typeahead-bs2.min.js
ERR: 非法操作:assets

[ 2017-03-14T23:28:10+08:00 ] ::1 /admin.php/Index/assets/js/bootstrap.min.js
ERR: 非法操作:assets

[ 2017-03-14T23:28:10+08:00 ] ::1 /admin.php/Index/assets/js/jquery.ui.touch-punch.min.js
ERR: 非法操作:assets

[ 2017-03-14T23:28:10+08:00 ] ::1 /admin.php/Index/assets/js/ace-elements.min.js
ERR: 非法操作:assets

[ 2017-03-14T23:28:10+08:00 ] ::1 /admin.php/Index/assets/js/jquery-ui-1.10.3.full.min.js
ERR: 非法操作:assets

[ 2017-03-14T23:28:10+08:00 ] ::1 /admin.php/Index/assets/js/ace.min.js
ERR: 非法操作:assets

[ 2017-03-14T23:28:10+08:00 ] ::1 /admin.php/Index/assets/js/jquery-2.0.3.min.js
ERR: 非法操作:assets

[ 2017-03-14T23:28:11+08:00 ] ::1 /admin.php/Index/assets/js/bootstrap.min.js
ERR: 非法操作:assets

[ 2017-03-14T23:28:11+08:00 ] ::1 /admin.php/Index/assets/js/typeahead-bs2.min.js
ERR: 非法操作:assets

[ 2017-03-14T23:28:11+08:00 ] ::1 /admin.php/Index/assets/js/jquery-ui-1.10.3.full.min.js
ERR: 非法操作:assets

[ 2017-03-14T23:28:11+08:00 ] ::1 /admin.php/Index/assets/js/jquery.ui.touch-punch.min.js
ERR: 非法操作:assets

[ 2017-03-14T23:28:11+08:00 ] ::1 /admin.php/Index/assets/js/ace-elements.min.js
ERR: 非法操作:assets

[ 2017-03-14T23:28:11+08:00 ] ::1 /admin.php/Index/assets/js/ace.min.js
ERR: 非法操作:assets

