[ 2017-03-13T23:41:41+08:00 ] ::1 /admin.php/assets/css/bootstrap.min.css
ERR: 无法加载控制器:Assets

[ 2017-03-13T23:41:41+08:00 ] ::1 /admin.php/assets/css/font-awesome.min.css
ERR: 无法加载控制器:Assets

[ 2017-03-13T23:41:41+08:00 ] ::1 /admin.php/assets/css/ace-rtl.min.css
ERR: 无法加载控制器:Assets

[ 2017-03-13T23:41:41+08:00 ] ::1 /admin.php/assets/css/ace-skins.min.css
ERR: 无法加载控制器:Assets

[ 2017-03-13T23:41:41+08:00 ] ::1 /admin.php/assets/js/ace-extra.min.js
ERR: 无法加载控制器:Assets

[ 2017-03-13T23:41:41+08:00 ] ::1 /admin.php/assets/css/ace.min.css
ERR: 无法加载控制器:Assets

[ 2017-03-13T23:41:41+08:00 ] ::1 /admin.php/assets/js/jquery-2.0.3.min.js
ERR: 无法加载控制器:Assets

[ 2017-03-13T23:41:41+08:00 ] ::1 /admin.php/assets/js/typeahead-bs2.min.js
ERR: 无法加载控制器:Assets

[ 2017-03-13T23:41:41+08:00 ] ::1 /admin.php/assets/js/jquery-ui-1.10.3.custom.min.js
ERR: 无法加载控制器:Assets

[ 2017-03-13T23:41:41+08:00 ] ::1 /admin.php/assets/js/bootstrap.min.js
ERR: 无法加载控制器:Assets

[ 2017-03-13T23:41:41+08:00 ] ::1 /admin.php/assets/js/jquery.ui.touch-punch.min.js
ERR: 无法加载控制器:Assets

[ 2017-03-13T23:41:41+08:00 ] ::1 /admin.php/assets/js/jquery.slimscroll.min.js
ERR: 无法加载控制器:Assets

[ 2017-03-13T23:41:41+08:00 ] ::1 /admin.php/assets/js/jquery.easy-pie-chart.min.js
ERR: 无法加载控制器:Assets

[ 2017-03-13T23:41:41+08:00 ] ::1 /admin.php/assets/js/jquery.sparkline.min.js
ERR: 无法加载控制器:Assets

[ 2017-03-13T23:41:41+08:00 ] ::1 /admin.php/assets/js/flot/jquery.flot.min.js
ERR: 无法加载控制器:Assets

[ 2017-03-13T23:41:41+08:00 ] ::1 /admin.php/assets/js/flot/jquery.flot.pie.min.js
ERR: 无法加载控制器:Assets

[ 2017-03-13T23:41:41+08:00 ] ::1 /admin.php/assets/js/flot/jquery.flot.resize.min.js
ERR: 无法加载控制器:Assets

[ 2017-03-13T23:41:41+08:00 ] ::1 /admin.php/assets/js/ace-elements.min.js
ERR: 无法加载控制器:Assets

[ 2017-03-13T23:41:41+08:00 ] ::1 /admin.php/assets/js/jquery-2.0.3.min.js
ERR: 无法加载控制器:Assets

[ 2017-03-13T23:41:41+08:00 ] ::1 /admin.php/assets/js/ace.min.js
ERR: 无法加载控制器:Assets

[ 2017-03-13T23:41:41+08:00 ] ::1 /admin.php/assets/js/bootstrap.min.js
ERR: 无法加载控制器:Assets

[ 2017-03-13T23:41:41+08:00 ] ::1 /admin.php/assets/js/typeahead-bs2.min.js
ERR: 无法加载控制器:Assets

[ 2017-03-13T23:41:41+08:00 ] ::1 /admin.php/assets/js/jquery-ui-1.10.3.custom.min.js
ERR: 无法加载控制器:Assets

[ 2017-03-13T23:41:41+08:00 ] ::1 /admin.php/assets/js/jquery.ui.touch-punch.min.js
ERR: 无法加载控制器:Assets

[ 2017-03-13T23:41:41+08:00 ] ::1 /admin.php/assets/js/jquery.slimscroll.min.js
ERR: 无法加载控制器:Assets

[ 2017-03-13T23:41:41+08:00 ] ::1 /admin.php/assets/js/jquery.easy-pie-chart.min.js
ERR: 无法加载控制器:Assets

[ 2017-03-13T23:41:42+08:00 ] ::1 /admin.php/assets/js/jquery.sparkline.min.js
ERR: 无法加载控制器:Assets

[ 2017-03-13T23:41:42+08:00 ] ::1 /admin.php/assets/js/flot/jquery.flot.min.js
ERR: 无法加载控制器:Assets

[ 2017-03-13T23:41:42+08:00 ] ::1 /admin.php/assets/js/flot/jquery.flot.pie.min.js
ERR: 无法加载控制器:Assets

[ 2017-03-13T23:41:42+08:00 ] ::1 /admin.php/assets/js/flot/jquery.flot.resize.min.js
ERR: 无法加载控制器:Assets

[ 2017-03-13T23:41:42+08:00 ] ::1 /admin.php/assets/js/ace-elements.min.js
ERR: 无法加载控制器:Assets

[ 2017-03-13T23:41:42+08:00 ] ::1 /admin.php/assets/js/ace.min.js
ERR: 无法加载控制器:Assets

