[ 2017-03-14T00:16:52+08:00 ] ::1 /common/common/css/ace.min.css
ERR: 无法加载控制器:Common

[ 2017-03-14T00:16:53+08:00 ] ::1 /common/common/css/ace-rtl.min.css
ERR: 无法加载控制器:Common

[ 2017-03-14T00:16:53+08:00 ] ::1 /common/common/css/font-awesome.min.css
ERR: 无法加载控制器:Common

[ 2017-03-14T00:16:53+08:00 ] ::1 /common/common/css/ace-skins.min.css
ERR: 无法加载控制器:Common

[ 2017-03-14T00:16:53+08:00 ] ::1 /common/common/css/bootstrap.min.css
ERR: 无法加载控制器:Common

[ 2017-03-14T00:16:53+08:00 ] ::1 /common/common/js/ace-extra.min.js
ERR: 无法加载控制器:Common

[ 2017-03-14T00:16:53+08:00 ] ::1 /common/common/js/jquery-2.0.3.min.js
ERR: 无法加载控制器:Common

[ 2017-03-14T00:16:53+08:00 ] ::1 /common/common/js/jquery.ui.touch-punch.min.js
ERR: 无法加载控制器:Common

[ 2017-03-14T00:16:53+08:00 ] ::1 /common/common/js/jquery-ui-1.10.3.custom.min.js
ERR: 无法加载控制器:Common

[ 2017-03-14T00:16:53+08:00 ] ::1 /common/common/js/bootstrap.min.js
ERR: 无法加载控制器:Common

[ 2017-03-14T00:16:53+08:00 ] ::1 /common/common/js/typeahead-bs2.min.js
ERR: 无法加载控制器:Common

[ 2017-03-14T00:16:53+08:00 ] ::1 /common/common/js/jquery.slimscroll.min.js
ERR: 无法加载控制器:Common

[ 2017-03-14T00:16:53+08:00 ] ::1 /common/common/js/jquery-2.0.3.min.js
ERR: 无法加载控制器:Common

[ 2017-03-14T00:16:53+08:00 ] ::1 /common/common/js/jquery.easy-pie-chart.min.js
ERR: 无法加载控制器:Common

[ 2017-03-14T00:16:53+08:00 ] ::1 /common/common/js/flot/jquery.flot.min.js
ERR: 无法加载控制器:Common

[ 2017-03-14T00:16:53+08:00 ] ::1 /common/common/js/jquery.sparkline.min.js
ERR: 无法加载控制器:Common

[ 2017-03-14T00:16:53+08:00 ] ::1 /common/common/js/flot/jquery.flot.pie.min.js
ERR: 无法加载控制器:Common

[ 2017-03-14T00:16:53+08:00 ] ::1 /common/common/js/flot/jquery.flot.resize.min.js
ERR: 无法加载控制器:Common

[ 2017-03-14T00:16:53+08:00 ] ::1 /common/common/js/ace-elements.min.js
ERR: 无法加载控制器:Common

[ 2017-03-14T00:16:53+08:00 ] ::1 /common/common/js/bootstrap.min.js
ERR: 无法加载控制器:Common

[ 2017-03-14T00:16:53+08:00 ] ::1 /common/common/js/ace.min.js
ERR: 无法加载控制器:Common

[ 2017-03-14T00:16:53+08:00 ] ::1 /common/common/js/typeahead-bs2.min.js
ERR: 无法加载控制器:Common

[ 2017-03-14T00:16:53+08:00 ] ::1 /common/common/js/jquery-ui-1.10.3.custom.min.js
ERR: 无法加载控制器:Common

[ 2017-03-14T00:16:53+08:00 ] ::1 /common/common/js/jquery.ui.touch-punch.min.js
ERR: 无法加载控制器:Common

[ 2017-03-14T00:16:53+08:00 ] ::1 /common/common/js/jquery.slimscroll.min.js
ERR: 无法加载控制器:Common

[ 2017-03-14T00:16:53+08:00 ] ::1 /common/common/js/jquery.easy-pie-chart.min.js
ERR: 无法加载控制器:Common

[ 2017-03-14T00:16:54+08:00 ] ::1 /common/common/js/jquery.sparkline.min.js
ERR: 无法加载控制器:Common

[ 2017-03-14T00:16:54+08:00 ] ::1 /common/common/js/flot/jquery.flot.min.js
ERR: 无法加载控制器:Common

[ 2017-03-14T00:16:54+08:00 ] ::1 /common/common/js/flot/jquery.flot.pie.min.js
ERR: 无法加载控制器:Common

[ 2017-03-14T00:16:54+08:00 ] ::1 /common/common/js/flot/jquery.flot.resize.min.js
ERR: 无法加载控制器:Common

[ 2017-03-14T00:16:54+08:00 ] ::1 /common/common/js/ace-elements.min.js
ERR: 无法加载控制器:Common

[ 2017-03-14T00:16:54+08:00 ] ::1 /common/common/js/ace.min.js
ERR: 无法加载控制器:Common

[ 2017-03-14T11:13:53+08:00 ] ::1 /typography.html
ERR: 无法加载控制器:Typography

[ 2017-03-14T11:51:25+08:00 ] ::1 /typography.html
ERR: 无法加载控制器:Typography

[ 2017-03-14T11:53:29+08:00 ] ::1 /Public/Css/Common/bootstrap.min.css.map
ERR: 无法加载控制器:Public

[ 2017-03-14T12:02:15+08:00 ] ::1 /Public/Css/Common/bootstrap.min.css.map
ERR: 无法加载控制器:Public

[ 2017-03-14T12:02:55+08:00 ] ::1 /Application/Admin/View/Index/__PUBLIC__/assets/css/font-awesome.min.css
ERR: 无法加载控制器:Application

[ 2017-03-14T12:02:55+08:00 ] ::1 /Application/Admin/View/Index/__PUBLIC__/assets/css/ace-rtl.min.css
ERR: 无法加载控制器:Application

[ 2017-03-14T12:02:55+08:00 ] ::1 /Application/Admin/View/Index/__PUBLIC__/assets/css/ace.min.css
ERR: 无法加载控制器:Application

[ 2017-03-14T12:02:55+08:00 ] ::1 /Application/Admin/View/Index/__PUBLIC__/assets/js/ace-extra.min.js
ERR: 无法加载控制器:Application

[ 2017-03-14T12:02:55+08:00 ] ::1 /Application/Admin/View/Index/__PUBLIC__/assets/css/ace-skins.min.css
ERR: 无法加载控制器:Application

[ 2017-03-14T12:02:55+08:00 ] ::1 /Application/Admin/View/Index/__PUBLIC__/assets/css/bootstrap.min.css
ERR: 无法加载控制器:Application

[ 2017-03-14T12:02:55+08:00 ] ::1 /Application/Admin/View/Index/__PUBLIC__/assets/js/jquery-2.0.3.min.js
ERR: 无法加载控制器:Application

[ 2017-03-14T12:02:55+08:00 ] ::1 /Application/Admin/View/Index/__PUBLIC__/assets/js/jquery.slimscroll.min.js
ERR: 无法加载控制器:Application

[ 2017-03-14T12:02:55+08:00 ] ::1 /Application/Admin/View/Index/__PUBLIC__/assets/js/jquery-ui-1.10.3.custom.min.js
ERR: 无法加载控制器:Application

[ 2017-03-14T12:02:55+08:00 ] ::1 /Application/Admin/View/Index/__PUBLIC__/assets/js/jquery.ui.touch-punch.min.js
ERR: 无法加载控制器:Application

[ 2017-03-14T12:02:55+08:00 ] ::1 /Application/Admin/View/Index/__PUBLIC__/assets/js/bootstrap.min.js
ERR: 无法加载控制器:Application

[ 2017-03-14T12:02:56+08:00 ] ::1 /Application/Admin/View/Index/__PUBLIC__/assets/js/typeahead-bs2.min.js
ERR: 无法加载控制器:Application

[ 2017-03-14T12:02:56+08:00 ] ::1 /Application/Admin/View/Index/__PUBLIC__/assets/js/jquery.easy-pie-chart.min.js
ERR: 无法加载控制器:Application

[ 2017-03-14T12:02:56+08:00 ] ::1 /Application/Admin/View/Index/__PUBLIC__/assets/js/jquery-2.0.3.min.js
ERR: 无法加载控制器:Application

[ 2017-03-14T12:02:56+08:00 ] ::1 /Application/Admin/View/Index/__PUBLIC__/assets/js/jquery.sparkline.min.js
ERR: 无法加载控制器:Application

[ 2017-03-14T12:02:56+08:00 ] ::1 /Application/Admin/View/Index/__PUBLIC__/assets/js/flot/jquery.flot.min.js
ERR: 无法加载控制器:Application

[ 2017-03-14T12:02:56+08:00 ] ::1 /Application/Admin/View/Index/__PUBLIC__/assets/js/flot/jquery.flot.pie.min.js
ERR: 无法加载控制器:Application

[ 2017-03-14T12:02:56+08:00 ] ::1 /Application/Admin/View/Index/__PUBLIC__/assets/js/flot/jquery.flot.resize.min.js
ERR: 无法加载控制器:Application

[ 2017-03-14T12:02:56+08:00 ] ::1 /Application/Admin/View/Index/__PUBLIC__/assets/js/ace-elements.min.js
ERR: 无法加载控制器:Application

[ 2017-03-14T12:02:56+08:00 ] ::1 /Application/Admin/View/Index/__PUBLIC__/assets/js/ace.min.js
ERR: 无法加载控制器:Application

[ 2017-03-14T12:02:56+08:00 ] ::1 /Application/Admin/View/Index/__PUBLIC__/assets/js/bootstrap.min.js
ERR: 无法加载控制器:Application

[ 2017-03-14T12:02:56+08:00 ] ::1 /Application/Admin/View/Index/__PUBLIC__/assets/js/jquery-ui-1.10.3.custom.min.js
ERR: 无法加载控制器:Application

[ 2017-03-14T12:02:56+08:00 ] ::1 /Application/Admin/View/Index/__PUBLIC__/assets/js/jquery.ui.touch-punch.min.js
ERR: 无法加载控制器:Application

[ 2017-03-14T12:02:56+08:00 ] ::1 /Application/Admin/View/Index/__PUBLIC__/assets/js/jquery.slimscroll.min.js
ERR: 无法加载控制器:Application

[ 2017-03-14T12:02:56+08:00 ] ::1 /Application/Admin/View/Index/__PUBLIC__/assets/js/typeahead-bs2.min.js
ERR: 无法加载控制器:Application

[ 2017-03-14T12:02:56+08:00 ] ::1 /Application/Admin/View/Index/__PUBLIC__/assets/js/jquery-ui-1.10.3.custom.min.js
ERR: 无法加载控制器:Application

[ 2017-03-14T12:02:56+08:00 ] ::1 /Application/Admin/View/Index/__PUBLIC__/assets/js/jquery.ui.touch-punch.min.js
ERR: 无法加载控制器:Application

[ 2017-03-14T12:02:56+08:00 ] ::1 /Application/Admin/View/Index/__PUBLIC__/assets/js/jquery.slimscroll.min.js
ERR: 无法加载控制器:Application

[ 2017-03-14T12:02:56+08:00 ] ::1 /Application/Admin/View/Index/__PUBLIC__/assets/js/jquery.easy-pie-chart.min.js
ERR: 无法加载控制器:Application

[ 2017-03-14T12:02:56+08:00 ] ::1 /Application/Admin/View/Index/__PUBLIC__/assets/js/jquery.sparkline.min.js
ERR: 无法加载控制器:Application

[ 2017-03-14T12:02:56+08:00 ] ::1 /Application/Admin/View/Index/__PUBLIC__/assets/js/flot/jquery.flot.min.js
ERR: 无法加载控制器:Application

[ 2017-03-14T12:02:56+08:00 ] ::1 /Application/Admin/View/Index/__PUBLIC__/assets/js/flot/jquery.flot.pie.min.js
ERR: 无法加载控制器:Application

[ 2017-03-14T12:02:57+08:00 ] ::1 /Application/Admin/View/Index/__PUBLIC__/assets/js/flot/jquery.flot.resize.min.js
ERR: 无法加载控制器:Application

[ 2017-03-14T12:02:57+08:00 ] ::1 /Application/Admin/View/Index/__PUBLIC__/assets/js/ace-elements.min.js
ERR: 无法加载控制器:Application

[ 2017-03-14T12:02:57+08:00 ] ::1 /Application/Admin/View/Index/__PUBLIC__/assets/js/ace.min.js
ERR: 无法加载控制器:Application

[ 2017-03-14T12:05:06+08:00 ] ::1 /admin.html
ERR: 无法加载控制器:Admin

[ 2017-03-14T12:05:59+08:00 ] ::1 /admin.html
ERR: 无法加载控制器:Admin

[ 2017-03-14T14:19:59+08:00 ] ::1 /Application/Admin/View/Index/__PUBLIC__/assets/css/ace.min.css
ERR: 无法加载控制器:Application

[ 2017-03-14T14:19:59+08:00 ] ::1 /Application/Admin/View/Index/__PUBLIC__/assets/css/ace-rtl.min.css
ERR: 无法加载控制器:Application

[ 2017-03-14T14:19:59+08:00 ] ::1 /Application/Admin/View/Index/__PUBLIC__/assets/js/ace-extra.min.js
ERR: 无法加载控制器:Application

n

[ 2017-03-14T14:20:00+08:00 ] ::1 /Application/Admin/View/Index/__PUBLIC__/assets/js/typeahead-bs2.min.js
ERR: 无法加载控制器:Application

[ 2017-03-14T14:20:00+08:00 ] ::1 /Application/Admin/View/Index/__PUBLIC__/assets/js/jquery-2.0.3.min.js
ERR: 无法加载控制器:Application

[ 2017-03-14T14:20:00+08:00 ] ::1 /Application/Admin/View/Index/__PUBLIC__/assets/js/jquery-ui-1.10.3.custom.min.js
ERR: 无法加载控制器:Application

[ 2017-03-14T14:20:00+08:00 ] ::1 /Application/Admin/View/Index/__PUBLIC__/assets/js/jquery.ui.touch-punch.min.js
ERR: 无法加载控制器:Application

[ 2017-03-14T14:20:00+08:00 ] ::1 /Application/Admin/View/Index/__PUBLIC__/assets/js/jquery.slimscroll.min.js
ERR: 无法加载控制器:Application

[ 2017-03-14T14:20:00+08:00 ] ::1 /Application/Admin/View/Index/__PUBLIC__/assets/js/bootstrap.min.js
ERR: 无法加载控制器:Application

[ 2017-03-14T14:20:00+08:00 ] ::1 /Application/Admin/View/Index/__PUBLIC__/assets/js/jquery.easy-pie-chart.min.js
ERR: 无法加载控制器:Application

[ 2017-03-14T14:20:00+08:00 ] ::1 /Application/Admin/View/Index/__PUBLIC__/assets/js/jquery.sparkline.min.js
ERR: 无法加载控制器:Application

[ 2017-03-14T14:20:00+08:00 ] ::1 /Application/Admin/View/Index/__PUBLIC__/assets/js/flot/jquery.flot.min.js
ERR: 无法加载控制器:Application

[ 2017-03-14T14:20:00+08:00 ] ::1 /Application/Admin/View/Index/__PUBLIC__/assets/js/jquery-2.0.3.min.js
ERR: 无法加载控制器:Application

[ 2017-03-14T14:20:00+08:00 ] ::1 /Application/Admin/View/Index/__PUBLIC__/assets/js/flot/jquery.flot.pie.min.js
ERR: 无法加载控制器:Application

[ 2017-03-14T14:20:00+08:00 ] ::1 /Application/Admin/View/Index/__PUBLIC__/assets/js/flot/jquery.flot.resize.min.js
ERR: 无法加载控制器:Application

[ 2017-03-14T14:20:00+08:00 ] ::1 /Application/Admin/View/Index/__PUBLIC__/assets/js/ace-elements.min.js
ERR: 无法加载控制器:Application

[ 2017-03-14T14:20:00+08:00 ] ::1 /Application/Admin/View/Index/__PUBLIC__/assets/js/ace.min.js
ERR: 无法加载控制器:Application

[ 2017-03-14T14:20:00+08:00 ] ::1 /Application/Admin/View/Index/__PUBLIC__/assets/js/jquery-2.0.3.min.js
ERR: 无法加载控制器:Application

[ 2017-03-14T14:20:00+08:00 ] ::1 /Application/Admin/View/Index/__PUBLIC__/assets/js/bootstrap.min.js
ERR: 无法加载控制器:Application

[ 2017-03-14T14:20:00+08:00 ] ::1 /Application/Admin/View/Index/__PUBLIC__/assets/js/typeahead-bs2.min.js
ERR: 无法加载控制器:Application

[ 2017-03-14T14:20:00+08:00 ] ::1 /Application/Admin/View/Index/__PUBLIC__/assets/js/jquery.ui.touch-punch.min.js
ERR: 无法加载控制器:Application

[ 2017-03-14T14:20:00+08:00 ] ::1 /Application/Admin/View/Index/__PUBLIC__/assets/js/jquery-ui-1.10.3.custom.min.js
ERR: 无法加载控制器:Application

[ 2017-03-14T14:20:00+08:00 ] ::1 /Application/Admin/View/Index/__PUBLIC__/assets/js/jquery.slimscroll.min.js
ERR: 无法加载控制器:Application

[ 2017-03-14T14:20:00+08:00 ] ::1 /Application/Admin/View/Index/__PUBLIC__/assets/js/jquery.easy-pie-chart.min.js
ERR: 无法加载控制器:Application

[ 2017-03-14T14:20:00+08:00 ] ::1 /Application/Admin/View/Index/__PUBLIC__/assets/js/jquery.sparkline.min.js
ERR: 无法加载控制器:Application

[ 2017-03-14T14:20:00+08:00 ] ::1 /Application/Admin/View/Index/__PUBLIC__/assets/js/flot/jquery.flot.min.js
ERR: 无法加载控制器:Application

[ 2017-03-14T14:20:00+08:00 ] ::1 /Application/Admin/View/Index/__PUBLIC__/assets/js/jquery.ui.touch-punch.min.js
ERR: 无法加载控制器:Application

[ 2017-03-14T14:20:00+08:00 ] ::1 /Application/Admin/View/Index/__PUBLIC__/assets/js/jquery.slimscroll.min.js
ERR: 无法加载控制器:Application

[ 2017-03-14T14:20:00+08:00 ] ::1 /Application/Admin/View/Index/__PUBLIC__/assets/js/jquery.easy-pie-chart.min.js
ERR: 无法加载控制器:Application

[ 2017-03-14T14:20:00+08:00 ] ::1 /Application/Admin/View/Index/__PUBLIC__/assets/js/jquery.sparkline.min.js
ERR: 无法加载控制器:Application

[ 2017-03-14T14:20:01+08:00 ] ::1 /Application/Admin/View/Index/__PUBLIC__/assets/js/flot/jquery.flot.min.js
ERR: 无法加载控制器:Application

[ 2017-03-14T14:20:01+08:00 ] ::1 /Application/Admin/View/Index/__PUBLIC__/assets/js/flot/jquery.flot.pie.min.js
ERR: 无法加载控制器:Application

[ 2017-03-14T14:20:01+08:00 ] ::1 /Application/Admin/View/Index/__PUBLIC__/assets/js/flot/jquery.flot.resize.min.js
ERR: 无法加载控制器:Application

[ 2017-03-14T14:20:01+08:00 ] ::1 /Application/Admin/View/Index/__PUBLIC__/assets/js/ace-elements.min.js
ERR: 无法加载控制器:Application

[ 2017-03-14T14:20:01+08:00 ] ::1 /Application/Admin/View/Index/__PUBLIC__/assets/js/ace.min.js
ERR: 无法加载控制器:Application

[ 2017-03-14T23:28:21+08:00 ] ::1 /Public/assetscss/jquery-ui-1.10.3.custom.min.css
ERR: 无法加载控制器:Public

[ 2017-03-14T23:28:21+08:00 ] ::1 /Public/assetscss/jquery.gritter.css
ERR: 无法加载控制器:Public

[ 2017-03-14T23:28:21+08:00 ] ::1 /Public/assetsjs/jquery-ui-1.10.3.custom.min.js
ERR: 无法加载控制器:Public

[ 2017-03-14T23:28:21+08:00 ] ::1 /Public/assetsjs/jquery.gritter.min.js
ERR: 无法加载控制器:Public

[ 2017-03-14T23:28:21+08:00 ] ::1 /Public/assetsjs/jquery.ui.touch-punch.min.js
ERR: 无法加载控制器:Public

[ 2017-03-14T23:28:21+08:00 ] ::1 /Public/assetsjs/jquery.easy-pie-chart.min.js
ERR: 无法加载控制器:Public

[ 2017-03-14T23:28:21+08:00 ] ::1 /Public/assetsjs/spin.min.js
ERR: 无法加载控制器:Public

[ 2017-03-14T23:28:21+08:00 ] ::1 /Public/assetsjs/bootbox.min.js
ERR: 无法加载控制器:Public

[ 2017-03-14T23:28:21+08:00 ] ::1 /Public/assetsjs/jquery.easy-pie-chart.min.js
ERR: 无法加载控制器:Public

[ 2017-03-14T23:28:21+08:00 ] ::1 /Public/assetsjs/jquery.gritter.min.js
ERR: 无法加载控制器:Public

[ 2017-03-14T23:28:21+08:00 ] ::1 /Public/assetsjs/spin.min.js
ERR: 无法加载控制器:Public

[ 2017-03-14T23:30:53+08:00 ] ::1 /Public/assets/js/spin.min.js
ERR: 无法加载控制器:Public

[ 2017-03-14T23:34:46+08:00 ] ::1 /Public/assets/js/spin.min.js
ERR: 无法加载控制器:Public

[ 2017-03-14T23:34:57+08:00 ] ::1 /Public/assets/js/spin.min.js
ERR: 无法加载控制器:Public

